0 verbose cli C:\Program Files\nodejs\node.exe C:\Program Files\nodejs\node_modules\npm\bin\npm-cli.js
1 info using npm@11.9.0
2 info using node@v24.14.0
3 silly config load:file:C:\Program Files\nodejs\node_modules\npm\npmrc
4 silly config load:file:C:\Users\TechproSdx\Documents\Car Parking\UI-UX ParknGo\parkngo-handbook-site\.npmrc
5 silly config load:file:C:\Users\TechproSdx\.npmrc
6 silly config load:file:C:\Users\TechproSdx\AppData\Roaming\npm\etc\npmrc
7 verbose title npm install
8 verbose argv "install"
9 verbose logfile logs-max:10 dir:C:\Users\TechproSdx\Documents\Car Parking\UI-UX ParknGo\parkngo-handbook-site\.npm-cache\_logs\2026-07-03T10_28_45_158Z-
10 verbose logfile C:\Users\TechproSdx\Documents\Car Parking\UI-UX ParknGo\parkngo-handbook-site\.npm-cache\_logs\2026-07-03T10_28_45_158Z-debug-0.log
11 silly logfile done cleaning log files
12 silly packumentCache heap:4496293888 maxSize:1124073472 maxEntrySize:562036736
13 silly idealTree buildDeps
14 silly fetch manifest @vitejs/plugin-react@^4.3.4
15 silly packumentCache full:https://registry.npmjs.org/@vitejs%2fplugin-react cache-miss
16 http fetch GET 200 https://registry.npmjs.org/@vitejs%2fplugin-react 321ms (cache miss)
17 silly packumentCache full:https://registry.npmjs.org/@vitejs%2fplugin-react set size:undefined disposed:false
18 silly fetch manifest vite@^5.4.10
19 silly packumentCache full:https://registry.npmjs.org/vite cache-miss
20 http fetch GET 200 https://registry.npmjs.org/vite 167ms (cache revalidated)
21 silly packumentCache full:https://registry.npmjs.org/vite set size:38896984 disposed:false
22 silly fetch manifest @types/node@^18.0.0 || >=20.0.0
23 silly packumentCache full:https://registry.npmjs.org/@types%2fnode cache-miss
24 http fetch GET 200 https://registry.npmjs.org/@types%2fnode 120ms (cache revalidated)
25 silly packumentCache full:https://registry.npmjs.org/@types%2fnode set size:11066386 disposed:false
26 silly fetch manifest less@*
27 silly packumentCache full:https://registry.npmjs.org/less cache-miss
28 http fetch GET 200 https://registry.npmjs.org/less 94ms (cache revalidated)
29 silly packumentCache full:https://registry.npmjs.org/less set size:476819 disposed:false
30 silly fetch manifest lightningcss@^1.21.0
31 silly packumentCache full:https://registry.npmjs.org/lightningcss cache-miss
32 http fetch GET 200 https://registry.npmjs.org/lightningcss 87ms (cache revalidated)
33 silly packumentCache full:https://registry.npmjs.org/lightningcss set size:186753 disposed:false
34 silly fetch manifest sass@*
35 silly packumentCache full:https://registry.npmjs.org/sass cache-miss
36 http fetch GET 200 https://registry.npmjs.org/sass 85ms (cache revalidated)
37 silly packumentCache full:https://registry.npmjs.org/sass set size:730445 disposed:false
38 silly fetch manifest sass-embedded@*
39 silly packumentCache full:https://registry.npmjs.org/sass-embedded cache-miss
40 http fetch GET 200 https://registry.npmjs.org/sass-embedded 89ms (cache revalidated)
41 silly packumentCache full:https://registry.npmjs.org/sass-embedded set size:419718 disposed:false
42 silly fetch manifest stylus@*
43 silly packumentCache full:https://registry.npmjs.org/stylus cache-miss
44 http fetch GET 200 https://registry.npmjs.org/stylus 90ms (cache revalidated)
45 silly packumentCache full:https://registry.npmjs.org/stylus set size:286766 disposed:false
46 silly fetch manifest sugarss@*
47 silly packumentCache full:https://registry.npmjs.org/sugarss cache-miss
48 http fetch GET 200 https://registry.npmjs.org/sugarss 91ms (cache revalidated)
49 silly packumentCache full:https://registry.npmjs.org/sugarss set size:44975 disposed:false
50 silly fetch manifest postcss@^8.3.3
51 silly packumentCache full:https://registry.npmjs.org/postcss cache-miss
52 http fetch GET 200 https://registry.npmjs.org/postcss 88ms (cache revalidated)
53 silly packumentCache full:https://registry.npmjs.org/postcss set size:726591 disposed:false
54 silly fetch manifest terser@^5.4.0
55 silly packumentCache full:https://registry.npmjs.org/terser cache-miss
56 http fetch GET 200 https://registry.npmjs.org/terser 85ms (cache revalidated)
57 silly packumentCache full:https://registry.npmjs.org/terser set size:803566 disposed:false
58 silly placeDep ROOT @vitejs/plugin-react@4.7.0 OK for: parkngo-handbook-site@1.0.0 want: ^4.3.4
59 silly fetch manifest @babel/core@^7.28.0
60 silly packumentCache full:https://registry.npmjs.org/@babel%2fcore cache-miss
61 silly fetch manifest react-refresh@^0.17.0
62 silly packumentCache full:https://registry.npmjs.org/react-refresh cache-miss
63 silly fetch manifest @types/babel__core@^7.20.5
64 silly packumentCache full:https://registry.npmjs.org/@types%2fbabel__core cache-miss
65 silly fetch manifest @rolldown/pluginutils@1.0.0-beta.27
66 silly packumentCache full:https://registry.npmjs.org/@rolldown%2fpluginutils cache-miss
67 silly fetch manifest @babel/plugin-transform-react-jsx-self@^7.27.1
68 silly packumentCache full:https://registry.npmjs.org/@babel%2fplugin-transform-react-jsx-self cache-miss
69 silly fetch manifest @babel/plugin-transform-react-jsx-source@^7.27.1
70 silly packumentCache full:https://registry.npmjs.org/@babel%2fplugin-transform-react-jsx-source cache-miss
71 http fetch GET 200 https://registry.npmjs.org/@babel%2fcore 209ms (cache miss)
72 silly packumentCache full:https://registry.npmjs.org/@babel%2fcore set size:undefined disposed:false
73 http fetch GET 200 https://registry.npmjs.org/@babel%2fplugin-transform-react-jsx-source 275ms (cache miss)
74 silly packumentCache full:https://registry.npmjs.org/@babel%2fplugin-transform-react-jsx-source set size:undefined disposed:false
75 http fetch GET 200 https://registry.npmjs.org/@rolldown%2fpluginutils 290ms (cache miss)
76 silly packumentCache full:https://registry.npmjs.org/@rolldown%2fpluginutils set size:undefined disposed:false
77 http fetch GET 200 https://registry.npmjs.org/@types%2fbabel__core 300ms (cache miss)
78 silly packumentCache full:https://registry.npmjs.org/@types%2fbabel__core set size:undefined disposed:false
79 http fetch GET 200 https://registry.npmjs.org/@babel%2fplugin-transform-react-jsx-self 338ms (cache miss)
80 silly packumentCache full:https://registry.npmjs.org/@babel%2fplugin-transform-react-jsx-self set size:undefined disposed:false
81 http fetch GET 200 https://registry.npmjs.org/react-refresh 599ms (cache miss)
82 silly packumentCache full:https://registry.npmjs.org/react-refresh set size:undefined disposed:false
83 silly placeDep ROOT @babel/core@7.29.7 OK for: @vitejs/plugin-react@4.7.0 want: ^7.28.0
84 silly placeDep ROOT @babel/plugin-transform-react-jsx-self@7.29.7 OK for: @vitejs/plugin-react@4.7.0 want: ^7.27.1
85 silly placeDep ROOT @babel/plugin-transform-react-jsx-source@7.29.7 OK for: @vitejs/plugin-react@4.7.0 want: ^7.27.1
86 silly placeDep ROOT @rolldown/pluginutils@1.0.0-beta.27 OK for: @vitejs/plugin-react@4.7.0 want: 1.0.0-beta.27
87 silly placeDep ROOT @types/babel__core@7.20.5 OK for: @vitejs/plugin-react@4.7.0 want: ^7.20.5
88 silly placeDep ROOT react-refresh@0.17.0 OK for: @vitejs/plugin-react@4.7.0 want: ^0.17.0
89 silly fetch manifest debug@^4.1.0
90 silly packumentCache full:https://registry.npmjs.org/debug cache-miss
91 silly fetch manifest json5@^2.2.3
92 silly packumentCache full:https://registry.npmjs.org/json5 cache-miss
93 silly fetch manifest semver@^6.3.1
94 silly packumentCache full:https://registry.npmjs.org/semver cache-miss
95 silly fetch manifest gensync@^1.0.0-beta.2
96 silly packumentCache full:https://registry.npmjs.org/gensync cache-miss
97 silly fetch manifest @babel/types@^7.29.7
98 silly packumentCache full:https://registry.npmjs.org/@babel%2ftypes cache-miss
99 silly fetch manifest @babel/parser@^7.29.7
100 silly packumentCache full:https://registry.npmjs.org/@babel%2fparser cache-miss
101 silly fetch manifest @babel/helpers@^7.29.7
102 silly packumentCache full:https://registry.npmjs.org/@babel%2fhelpers cache-miss
103 silly fetch manifest @babel/template@^7.29.7
104 silly packumentCache full:https://registry.npmjs.org/@babel%2ftemplate cache-miss
105 silly fetch manifest @babel/traverse@^7.29.7
106 silly packumentCache full:https://registry.npmjs.org/@babel%2ftraverse cache-miss
107 silly fetch manifest @babel/generator@^7.29.7
108 silly packumentCache full:https://registry.npmjs.org/@babel%2fgenerator cache-miss
109 silly fetch manifest @babel/code-frame@^7.29.7
110 silly packumentCache full:https://registry.npmjs.org/@babel%2fcode-frame cache-miss
111 silly fetch manifest convert-source-map@^2.0.0
112 silly packumentCache full:https://registry.npmjs.org/convert-source-map cache-miss
113 silly fetch manifest @jridgewell/remapping@^2.3.5
114 silly packumentCache full:https://registry.npmjs.org/@jridgewell%2fremapping cache-miss
115 silly fetch manifest @babel/helper-module-transforms@^7.29.7
116 silly packumentCache full:https://registry.npmjs.org/@babel%2fhelper-module-transforms cache-miss
117 silly fetch manifest @babel/helper-compilation-targets@^7.29.7
118 silly packumentCache full:https://registry.npmjs.org/@babel%2fhelper-compilation-targets cache-miss
119 http fetch GET 200 https://registry.npmjs.org/gensync 86ms (cache miss)
120 silly packumentCache full:https://registry.npmjs.org/gensync set size:undefined disposed:false
121 silly fetch manifest @babel/helper-plugin-utils@^7.29.7
122 silly packumentCache full:https://registry.npmjs.org/@babel%2fhelper-plugin-utils cache-miss
123 http fetch GET 200 https://registry.npmjs.org/semver 103ms (cache miss)
124 silly packumentCache full:https://registry.npmjs.org/semver set size:undefined disposed:false
125 silly fetch manifest @babel/helper-plugin-utils@^7.29.7
126 silly packumentCache full:https://registry.npmjs.org/@babel%2fhelper-plugin-utils cache-miss
127 http fetch GET 200 https://registry.npmjs.org/debug 110ms (cache miss)
128 silly packumentCache full:https://registry.npmjs.org/debug set size:undefined disposed:false
129 silly fetch manifest @babel/types@^7.20.7
130 silly packumentCache full:https://registry.npmjs.org/@babel%2ftypes cache-miss
131 http fetch GET 200 https://registry.npmjs.org/json5 123ms (cache miss)
132 silly packumentCache full:https://registry.npmjs.org/json5 set size:undefined disposed:false
133 silly fetch manifest @babel/parser@^7.20.7
134 silly packumentCache full:https://registry.npmjs.org/@babel%2fparser cache-miss
135 http fetch GET 200 https://registry.npmjs.org/@babel%2fparser 126ms (cache miss)
136 silly packumentCache full:https://registry.npmjs.org/@babel%2fparser set size:undefined disposed:false
137 silly fetch manifest @types/babel__template@*
138 silly packumentCache full:https://registry.npmjs.org/@types%2fbabel__template cache-miss
139 http fetch GET 200 https://registry.npmjs.org/@babel%2fhelper-plugin-utils 103ms (cache miss)
140 silly packumentCache full:https://registry.npmjs.org/@babel%2fhelper-plugin-utils set size:undefined disposed:false
141 silly fetch manifest @types/babel__traverse@*
142 silly packumentCache full:https://registry.npmjs.org/@types%2fbabel__traverse cache-miss
143 http fetch GET 200 https://registry.npmjs.org/@babel%2fhelper-plugin-utils 112ms (cache miss)
144 silly packumentCache full:https://registry.npmjs.org/@babel%2fhelper-plugin-utils set size:undefined disposed:false
145 silly fetch manifest @types/babel__generator@*
146 silly packumentCache full:https://registry.npmjs.org/@types%2fbabel__generator cache-miss
147 http fetch GET 200 https://registry.npmjs.org/@babel%2ftypes 252ms (cache miss)
148 silly packumentCache full:https://registry.npmjs.org/@babel%2ftypes set size:undefined disposed:false
149 http fetch GET 200 https://registry.npmjs.org/@types%2fbabel__template 123ms (cache miss)
150 silly packumentCache full:https://registry.npmjs.org/@types%2fbabel__template set size:undefined disposed:false
151 http fetch GET 200 https://registry.npmjs.org/@babel%2fparser 132ms (cache miss)
152 silly packumentCache full:https://registry.npmjs.org/@babel%2fparser set size:undefined disposed:false
153 http fetch GET 200 https://registry.npmjs.org/@babel%2ftypes 153ms (cache miss)
154 silly packumentCache full:https://registry.npmjs.org/@babel%2ftypes set size:undefined disposed:false
155 http fetch GET 200 https://registry.npmjs.org/@types%2fbabel__traverse 112ms (cache miss)
156 silly packumentCache full:https://registry.npmjs.org/@types%2fbabel__traverse set size:undefined disposed:false
157 http fetch GET 200 https://registry.npmjs.org/@babel%2fhelper-compilation-targets 316ms (cache miss)
158 silly packumentCache full:https://registry.npmjs.org/@babel%2fhelper-compilation-targets set size:undefined disposed:false
159 http fetch GET 200 https://registry.npmjs.org/@babel%2ftemplate 319ms (cache miss)
160 silly packumentCache full:https://registry.npmjs.org/@babel%2ftemplate set size:undefined disposed:false
161 http fetch GET 200 https://registry.npmjs.org/convert-source-map 329ms (cache miss)
162 silly packumentCache full:https://registry.npmjs.org/convert-source-map set size:undefined disposed:false
163 http fetch GET 200 https://registry.npmjs.org/@types%2fbabel__generator 114ms (cache miss)
164 silly packumentCache full:https://registry.npmjs.org/@types%2fbabel__generator set size:undefined disposed:false
165 http fetch GET 200 https://registry.npmjs.org/@jridgewell%2fremapping 340ms (cache miss)
166 silly packumentCache full:https://registry.npmjs.org/@jridgewell%2fremapping set size:undefined disposed:false
167 http fetch GET 200 https://registry.npmjs.org/@babel%2fcode-frame 343ms (cache miss)
168 silly packumentCache full:https://registry.npmjs.org/@babel%2fcode-frame set size:undefined disposed:false
169 http fetch GET 200 https://registry.npmjs.org/@babel%2fhelper-module-transforms 348ms (cache miss)
170 silly packumentCache full:https://registry.npmjs.org/@babel%2fhelper-module-transforms set size:undefined disposed:false
171 http fetch GET 200 https://registry.npmjs.org/@babel%2fgenerator 378ms (cache miss)
172 silly packumentCache full:https://registry.npmjs.org/@babel%2fgenerator set size:undefined disposed:false
173 http fetch GET 200 https://registry.npmjs.org/@babel%2fhelpers 382ms (cache miss)
174 silly packumentCache full:https://registry.npmjs.org/@babel%2fhelpers set size:undefined disposed:false
175 http fetch GET 200 https://registry.npmjs.org/@babel%2ftraverse 401ms (cache miss)
176 silly packumentCache full:https://registry.npmjs.org/@babel%2ftraverse set size:undefined disposed:false
177 silly fetch manifest @babel/core@^7.0.0
178 silly packumentCache full:https://registry.npmjs.org/@babel%2fcore cache-miss
179 http cache https://registry.npmjs.org/@babel%2fcore 6ms (cache hit)
180 silly packumentCache full:https://registry.npmjs.org/@babel%2fcore set size:788258 disposed:false
181 silly placeDep ROOT @babel/code-frame@7.29.7 OK for: @babel/core@7.29.7 want: ^7.29.7
182 silly placeDep ROOT @babel/generator@7.29.7 OK for: @babel/core@7.29.7 want: ^7.29.7
183 silly placeDep ROOT @babel/helper-compilation-targets@7.29.7 OK for: @babel/core@7.29.7 want: ^7.29.7
184 silly placeDep ROOT @babel/helper-module-transforms@7.29.7 OK for: @babel/core@7.29.7 want: ^7.29.7
185 silly placeDep ROOT @babel/helpers@7.29.7 OK for: @babel/core@7.29.7 want: ^7.29.7
186 silly placeDep ROOT @babel/parser@7.29.7 OK for: @babel/core@7.29.7 want: ^7.29.7
187 silly placeDep ROOT @babel/template@7.29.7 OK for: @babel/core@7.29.7 want: ^7.29.7
188 silly placeDep ROOT @babel/traverse@7.29.7 OK for: @babel/core@7.29.7 want: ^7.29.7
189 silly placeDep ROOT @babel/types@7.29.7 OK for: @babel/core@7.29.7 want: ^7.29.7
190 silly placeDep ROOT @jridgewell/remapping@2.3.5 OK for: @babel/core@7.29.7 want: ^2.3.5
191 silly placeDep ROOT convert-source-map@2.0.0 OK for: @babel/core@7.29.7 want: ^2.0.0
192 silly placeDep ROOT debug@4.4.3 OK for: @babel/core@7.29.7 want: ^4.1.0
193 silly placeDep ROOT gensync@1.0.0-beta.2 OK for: @babel/core@7.29.7 want: ^1.0.0-beta.2
194 silly placeDep ROOT json5@2.2.3 OK for: @babel/core@7.29.7 want: ^2.2.3
195 silly placeDep ROOT semver@6.3.1 OK for: @babel/core@7.29.7 want: ^6.3.1
196 silly fetch manifest @babel/helper-validator-identifier@^7.29.7
197 silly packumentCache full:https://registry.npmjs.org/@babel%2fhelper-validator-identifier cache-miss
198 silly fetch manifest jsesc@^3.0.2
199 silly packumentCache full:https://registry.npmjs.org/jsesc cache-miss
200 silly fetch manifest @jridgewell/gen-mapping@^0.3.12
201 silly packumentCache full:https://registry.npmjs.org/@jridgewell%2fgen-mapping cache-miss
202 silly fetch manifest @jridgewell/trace-mapping@^0.3.28
203 silly packumentCache full:https://registry.npmjs.org/@jridgewell%2ftrace-mapping cache-miss
204 silly fetch manifest lru-cache@^5.1.1
205 silly packumentCache full:https://registry.npmjs.org/lru-cache cache-miss
206 silly fetch manifest browserslist@^4.24.0
207 silly packumentCache full:https://registry.npmjs.org/browserslist cache-miss
208 silly fetch manifest @babel/compat-data@^7.29.7
209 silly packumentCache full:https://registry.npmjs.org/@babel%2fcompat-data cache-miss
210 silly fetch manifest @babel/helper-validator-option@^7.29.7
211 silly packumentCache full:https://registry.npmjs.org/@babel%2fhelper-validator-option cache-miss
212 silly fetch manifest @babel/helper-module-imports@^7.29.7
213 silly packumentCache full:https://registry.npmjs.org/@babel%2fhelper-module-imports cache-miss
214 silly fetch manifest @babel/helper-validator-identifier@^7.29.7
215 silly packumentCache full:https://registry.npmjs.org/@babel%2fhelper-validator-identifier cache-miss
216 silly fetch manifest debug@^4.3.1
217 silly packumentCache full:https://registry.npmjs.org/debug cache-miss
218 silly fetch manifest @babel/helper-globals@^7.29.7
219 silly packumentCache full:https://registry.npmjs.org/@babel%2fhelper-globals cache-miss
220 silly fetch manifest @babel/helper-string-parser@^7.29.7
221 silly packumentCache full:https://registry.npmjs.org/@babel%2fhelper-string-parser cache-miss
222 silly fetch manifest @babel/helper-validator-identifier@^7.29.7
223 silly packumentCache full:https://registry.npmjs.org/@babel%2fhelper-validator-identifier cache-miss
224 silly fetch manifest @jridgewell/gen-mapping@^0.3.5
225 silly packumentCache full:https://registry.npmjs.org/@jridgewell%2fgen-mapping cache-miss
226 http cache https://registry.npmjs.org/debug 8ms (cache hit)
227 silly packumentCache full:https://registry.npmjs.org/debug set size:195840 disposed:false
228 silly fetch manifest @jridgewell/trace-mapping@^0.3.24
229 silly packumentCache full:https://registry.npmjs.org/@jridgewell%2ftrace-mapping cache-miss
230 http fetch GET 200 https://registry.npmjs.org/@babel%2fhelper-validator-identifier 94ms (cache miss)
231 silly packumentCache full:https://registry.npmjs.org/@babel%2fhelper-validator-identifier set size:undefined disposed:false
232 silly fetch manifest ms@^2.1.3
233 silly packumentCache full:https://registry.npmjs.org/ms cache-miss
234 http fetch GET 200 https://registry.npmjs.org/@babel%2fhelper-string-parser 126ms (cache miss)
235 silly packumentCache full:https://registry.npmjs.org/@babel%2fhelper-string-parser set size:undefined disposed:false
236 http fetch GET 200 https://registry.npmjs.org/@babel%2fhelper-validator-identifier 129ms (cache miss)
237 silly packumentCache full:https://registry.npmjs.org/@babel%2fhelper-validator-identifier set size:undefined disposed:false
238 http fetch GET 200 https://registry.npmjs.org/@jridgewell%2fgen-mapping 133ms (cache miss)
239 silly packumentCache full:https://registry.npmjs.org/@jridgewell%2fgen-mapping set size:undefined disposed:false
240 http fetch GET 200 https://registry.npmjs.org/jsesc 136ms (cache miss)
241 silly packumentCache full:https://registry.npmjs.org/jsesc set size:undefined disposed:false
242 http fetch GET 200 https://registry.npmjs.org/@jridgewell%2fgen-mapping 133ms (cache miss)
243 silly packumentCache full:https://registry.npmjs.org/@jridgewell%2fgen-mapping set size:undefined disposed:false
244 http fetch GET 200 https://registry.npmjs.org/@jridgewell%2ftrace-mapping 140ms (cache miss)
245 silly packumentCache full:https://registry.npmjs.org/@jridgewell%2ftrace-mapping set size:undefined disposed:false
246 http fetch GET 200 https://registry.npmjs.org/@babel%2fhelper-validator-option 140ms (cache miss)
247 silly packumentCache full:https://registry.npmjs.org/@babel%2fhelper-validator-option set size:undefined disposed:false
248 http fetch GET 200 https://registry.npmjs.org/@babel%2fhelper-module-imports 142ms (cache miss)
249 silly packumentCache full:https://registry.npmjs.org/@babel%2fhelper-module-imports set size:undefined disposed:false
250 http fetch GET 200 https://registry.npmjs.org/@jridgewell%2ftrace-mapping 134ms (cache miss)
251 silly packumentCache full:https://registry.npmjs.org/@jridgewell%2ftrace-mapping set size:undefined disposed:false
252 http fetch GET 200 https://registry.npmjs.org/@babel%2fhelper-validator-identifier 154ms (cache miss)
253 silly packumentCache full:https://registry.npmjs.org/@babel%2fhelper-validator-identifier set size:undefined disposed:false
254 http fetch GET 200 https://registry.npmjs.org/@babel%2fhelper-globals 155ms (cache miss)
255 silly packumentCache full:https://registry.npmjs.org/@babel%2fhelper-globals set size:undefined disposed:false
256 http fetch GET 200 https://registry.npmjs.org/@babel%2fcompat-data 159ms (cache miss)
257 silly packumentCache full:https://registry.npmjs.org/@babel%2fcompat-data set size:undefined disposed:false
258 http fetch GET 200 https://registry.npmjs.org/browserslist 162ms (cache miss)
259 silly packumentCache full:https://registry.npmjs.org/browserslist set size:undefined disposed:false
260 http fetch GET 200 https://registry.npmjs.org/lru-cache 167ms (cache miss)
261 silly packumentCache full:https://registry.npmjs.org/lru-cache set size:undefined disposed:false
262 http fetch GET 200 https://registry.npmjs.org/ms 80ms (cache miss)
263 silly packumentCache full:https://registry.npmjs.org/ms set size:undefined disposed:false
264 silly placeDep ROOT @babel/helper-validator-identifier@7.29.7 OK for: @babel/code-frame@7.29.7 want: ^7.29.7
265 silly placeDep ROOT @jridgewell/gen-mapping@0.3.13 OK for: @babel/generator@7.29.7 want: ^0.3.12
266 silly placeDep ROOT @jridgewell/trace-mapping@0.3.31 OK for: @babel/generator@7.29.7 want: ^0.3.28
267 silly placeDep ROOT jsesc@3.1.0 OK for: @babel/generator@7.29.7 want: ^3.0.2
268 silly fetch manifest @jridgewell/sourcemap-codec@^1.5.0
269 silly packumentCache full:https://registry.npmjs.org/@jridgewell%2fsourcemap-codec cache-miss
270 silly fetch manifest @jridgewell/resolve-uri@^3.1.0
271 silly packumentCache full:https://registry.npmjs.org/@jridgewell%2fresolve-uri cache-miss
272 silly fetch manifest @jridgewell/sourcemap-codec@^1.4.14
273 silly packumentCache full:https://registry.npmjs.org/@jridgewell%2fsourcemap-codec cache-miss
274 http fetch GET 200 https://registry.npmjs.org/@jridgewell%2fsourcemap-codec 89ms (cache miss)
275 silly packumentCache full:https://registry.npmjs.org/@jridgewell%2fsourcemap-codec set size:undefined disposed:false
276 http fetch GET 200 https://registry.npmjs.org/@jridgewell%2fresolve-uri 116ms (cache miss)
277 silly packumentCache full:https://registry.npmjs.org/@jridgewell%2fresolve-uri set size:undefined disposed:false
278 http fetch GET 200 https://registry.npmjs.org/@jridgewell%2fsourcemap-codec 127ms (cache miss)
279 silly packumentCache full:https://registry.npmjs.org/@jridgewell%2fsourcemap-codec set size:undefined disposed:false
280 silly placeDep ROOT @babel/compat-data@7.29.7 OK for: @babel/helper-compilation-targets@7.29.7 want: ^7.29.7
281 silly placeDep ROOT @babel/helper-validator-option@7.29.7 OK for: @babel/helper-compilation-targets@7.29.7 want: ^7.29.7
282 silly placeDep ROOT browserslist@4.28.4 OK for: @babel/helper-compilation-targets@7.29.7 want: ^4.24.0
283 silly placeDep ROOT lru-cache@5.1.1 OK for: @babel/helper-compilation-targets@7.29.7 want: ^5.1.1
284 silly fetch manifest caniuse-lite@^1.0.30001799
285 silly packumentCache full:https://registry.npmjs.org/caniuse-lite cache-miss
286 silly fetch manifest node-releases@^2.0.48
287 silly packumentCache full:https://registry.npmjs.org/node-releases cache-miss
288 silly fetch manifest electron-to-chromium@^1.5.376
289 silly packumentCache full:https://registry.npmjs.org/electron-to-chromium cache-miss
290 silly fetch manifest update-browserslist-db@^1.2.3
291 silly packumentCache full:https://registry.npmjs.org/update-browserslist-db cache-miss
292 silly fetch manifest baseline-browser-mapping@^2.10.38
293 silly packumentCache full:https://registry.npmjs.org/baseline-browser-mapping cache-miss
294 silly fetch manifest yallist@^3.0.2
295 silly packumentCache full:https://registry.npmjs.org/yallist cache-miss
296 http fetch GET 200 https://registry.npmjs.org/yallist 87ms (cache miss)
297 silly packumentCache full:https://registry.npmjs.org/yallist set size:undefined disposed:false
298 http fetch GET 200 https://registry.npmjs.org/update-browserslist-db 91ms (cache miss)
299 silly packumentCache full:https://registry.npmjs.org/update-browserslist-db set size:undefined disposed:false
300 http fetch GET 200 https://registry.npmjs.org/baseline-browser-mapping 108ms (cache miss)
301 silly packumentCache full:https://registry.npmjs.org/baseline-browser-mapping set size:undefined disposed:false
302 http fetch GET 200 https://registry.npmjs.org/node-releases 118ms (cache miss)
303 silly packumentCache full:https://registry.npmjs.org/node-releases set size:undefined disposed:false
304 http fetch GET 200 https://registry.npmjs.org/caniuse-lite 308ms (cache miss)
305 silly packumentCache full:https://registry.npmjs.org/caniuse-lite set size:undefined disposed:false
306 http fetch GET 200 https://registry.npmjs.org/electron-to-chromium 420ms (cache miss)
307 silly packumentCache full:https://registry.npmjs.org/electron-to-chromium set size:undefined disposed:false
308 silly placeDep ROOT @babel/helper-module-imports@7.29.7 OK for: @babel/helper-module-transforms@7.29.7 want: ^7.29.7
309 silly placeDep ROOT @babel/helper-plugin-utils@7.29.7 OK for: @babel/plugin-transform-react-jsx-self@7.29.7 want: ^7.29.7
310 silly placeDep ROOT @babel/helper-globals@7.29.7 OK for: @babel/traverse@7.29.7 want: ^7.29.7
311 silly placeDep ROOT @babel/helper-string-parser@7.29.7 OK for: @babel/types@7.29.7 want: ^7.29.7
312 silly placeDep ROOT @jridgewell/sourcemap-codec@1.5.5 OK for: @jridgewell/gen-mapping@0.3.13 want: ^1.5.0
313 silly placeDep ROOT @jridgewell/resolve-uri@3.1.2 OK for: @jridgewell/trace-mapping@0.3.31 want: ^3.1.0
314 silly placeDep ROOT @types/babel__generator@7.27.0 OK for: @types/babel__core@7.20.5 want: *
315 silly placeDep ROOT @types/babel__template@7.4.4 OK for: @types/babel__core@7.20.5 want: *
316 silly placeDep ROOT @types/babel__traverse@7.28.0 OK for: @types/babel__core@7.20.5 want: *
317 silly fetch manifest browserslist@>= 4.21.0
318 silly packumentCache full:https://registry.npmjs.org/browserslist cache-miss
319 http cache https://registry.npmjs.org/browserslist 10ms (cache hit)
320 silly packumentCache full:https://registry.npmjs.org/browserslist set size:509301 disposed:false
321 silly placeDep ROOT baseline-browser-mapping@2.10.41 OK for: browserslist@4.28.4 want: ^2.10.38
322 silly placeDep ROOT caniuse-lite@1.0.30001800 OK for: browserslist@4.28.4 want: ^1.0.30001799
323 silly placeDep ROOT electron-to-chromium@1.5.385 OK for: browserslist@4.28.4 want: ^1.5.376
324 silly placeDep ROOT node-releases@2.0.50 OK for: browserslist@4.28.4 want: ^2.0.48
325 silly placeDep ROOT update-browserslist-db@1.2.3 OK for: browserslist@4.28.4 want: ^1.2.3
326 silly fetch manifest escalade@^3.2.0
327 silly packumentCache full:https://registry.npmjs.org/escalade cache-miss
328 http fetch GET 200 https://registry.npmjs.org/escalade 103ms (cache miss)
329 silly packumentCache full:https://registry.npmjs.org/escalade set size:undefined disposed:false
330 silly placeDep ROOT ms@2.1.3 OK for: debug@4.4.3 want: ^2.1.3
331 silly placeDep ROOT yallist@3.1.1 OK for: lru-cache@5.1.1 want: ^3.0.2
332 silly placeDep ROOT escalade@3.2.0 OK for: update-browserslist-db@1.2.3 want: ^3.2.0
333 silly reify moves {}
334 silly audit bulk request {
334 silly audit   '@esbuild/aix-ppc64': [ '0.21.5' ],
334 silly audit   '@esbuild/android-arm': [ '0.21.5' ],
334 silly audit   '@esbuild/android-arm64': [ '0.21.5' ],
334 silly audit   '@esbuild/android-x64': [ '0.21.5' ],
334 silly audit   '@esbuild/darwin-arm64': [ '0.21.5' ],
334 silly audit   '@esbuild/darwin-x64': [ '0.21.5' ],
334 silly audit   '@esbuild/freebsd-arm64': [ '0.21.5' ],
334 silly audit   '@esbuild/freebsd-x64': [ '0.21.5' ],
334 silly audit   '@esbuild/linux-arm': [ '0.21.5' ],
334 silly audit   '@esbuild/linux-arm64': [ '0.21.5' ],
334 silly audit   '@esbuild/linux-ia32': [ '0.21.5' ],
334 silly audit   '@esbuild/linux-loong64': [ '0.21.5' ],
334 silly audit   '@esbuild/linux-mips64el': [ '0.21.5' ],
334 silly audit   '@esbuild/linux-ppc64': [ '0.21.5' ],
334 silly audit   '@esbuild/linux-riscv64': [ '0.21.5' ],
334 silly audit   '@esbuild/linux-s390x': [ '0.21.5' ],
334 silly audit   '@esbuild/linux-x64': [ '0.21.5' ],
334 silly audit   '@esbuild/netbsd-x64': [ '0.21.5' ],
334 silly audit   '@esbuild/openbsd-x64': [ '0.21.5' ],
334 silly audit   '@esbuild/sunos-x64': [ '0.21.5' ],
334 silly audit   '@esbuild/win32-arm64': [ '0.21.5' ],
334 silly audit   '@esbuild/win32-ia32': [ '0.21.5' ],
334 silly audit   '@esbuild/win32-x64': [ '0.21.5' ],
334 silly audit   '@rollup/rollup-android-arm-eabi': [ '4.62.2' ],
334 silly audit   '@rollup/rollup-android-arm64': [ '4.62.2' ],
334 silly audit   '@rollup/rollup-darwin-arm64': [ '4.62.2' ],
334 silly audit   '@rollup/rollup-darwin-x64': [ '4.62.2' ],
334 silly audit   '@rollup/rollup-freebsd-arm64': [ '4.62.2' ],
334 silly audit   '@rollup/rollup-freebsd-x64': [ '4.62.2' ],
334 silly audit   '@rollup/rollup-linux-arm-gnueabihf': [ '4.62.2' ],
334 silly audit   '@rollup/rollup-linux-arm-musleabihf': [ '4.62.2' ],
334 silly audit   '@rollup/rollup-linux-arm64-gnu': [ '4.62.2' ],
334 silly audit   '@rollup/rollup-linux-arm64-musl': [ '4.62.2' ],
334 silly audit   '@rollup/rollup-linux-loong64-gnu': [ '4.62.2' ],
334 silly audit   '@rollup/rollup-linux-loong64-musl': [ '4.62.2' ],
334 silly audit   '@rollup/rollup-linux-ppc64-gnu': [ '4.62.2' ],
334 silly audit   '@rollup/rollup-linux-ppc64-musl': [ '4.62.2' ],
334 silly audit   '@rollup/rollup-linux-riscv64-gnu': [ '4.62.2' ],
334 silly audit   '@rollup/rollup-linux-riscv64-musl': [ '4.62.2' ],
334 silly audit   '@rollup/rollup-linux-s390x-gnu': [ '4.62.2' ],
334 silly audit   '@rollup/rollup-linux-x64-gnu': [ '4.62.2' ],
334 silly audit   '@rollup/rollup-linux-x64-musl': [ '4.62.2' ],
334 silly audit   '@rollup/rollup-openbsd-x64': [ '4.62.2' ],
334 silly audit   '@rollup/rollup-openharmony-arm64': [ '4.62.2' ],
334 silly audit   '@rollup/rollup-win32-arm64-msvc': [ '4.62.2' ],
334 silly audit   '@rollup/rollup-win32-ia32-msvc': [ '4.62.2' ],
334 silly audit   '@rollup/rollup-win32-x64-gnu': [ '4.62.2' ],
334 silly audit   '@rollup/rollup-win32-x64-msvc': [ '4.62.2' ],
334 silly audit   '@types/estree': [ '1.0.9' ],
334 silly audit   esbuild: [ '0.21.5' ],
334 silly audit   fsevents: [ '2.3.3' ],
334 silly audit   'js-tokens': [ '4.0.0' ],
334 silly audit   'loose-envify': [ '1.4.0' ],
334 silly audit   nanoid: [ '3.3.15' ],
334 silly audit   picocolors: [ '1.1.1' ],
334 silly audit   postcss: [ '8.5.16' ],
334 silly audit   react: [ '18.3.1' ],
334 silly audit   'react-dom': [ '18.3.1' ],
334 silly audit   rollup: [ '4.62.2' ],
334 silly audit   scheduler: [ '0.23.2' ],
334 silly audit   'source-map-js': [ '1.2.1' ],
334 silly audit   vite: [ '5.4.21' ],
334 silly audit   '@vitejs/plugin-react': [ '4.7.0' ],
334 silly audit   '@babel/core': [ '7.29.7' ],
334 silly audit   '@babel/plugin-transform-react-jsx-self': [ '7.29.7' ],
334 silly audit   '@babel/plugin-transform-react-jsx-source': [ '7.29.7' ],
334 silly audit   '@rolldown/pluginutils': [ '1.0.0-beta.27' ],
334 silly audit   '@types/babel__core': [ '7.20.5' ],
334 silly audit   'react-refresh': [ '0.17.0' ],
334 silly audit   '@babel/code-frame': [ '7.29.7' ],
334 silly audit   '@babel/generator': [ '7.29.7' ],
334 silly audit   '@babel/helper-compilation-targets': [ '7.29.7' ],
334 silly audit   '@babel/helper-module-transforms': [ '7.29.7' ],
334 silly audit   '@babel/helpers': [ '7.29.7' ],
334 silly audit   '@babel/parser': [ '7.29.7' ],
334 silly audit   '@babel/template': [ '7.29.7' ],
334 silly audit   '@babel/traverse': [ '7.29.7' ],
334 silly audit   '@babel/types': [ '7.29.7' ],
334 silly audit   '@jridgewell/remapping': [ '2.3.5' ],
334 silly audit   'convert-source-map': [ '2.0.0' ],
334 silly audit   debug: [ '4.4.3' ],
334 silly audit   gensync: [ '1.0.0-beta.2' ],
334 silly audit   json5: [ '2.2.3' ],
334 silly audit   semver: [ '6.3.1' ],
334 silly audit   '@babel/helper-validator-identifier': [ '7.29.7' ],
334 silly audit   '@jridgewell/gen-mapping': [ '0.3.13' ],
334 silly audit   '@jridgewell/trace-mapping': [ '0.3.31' ],
334 silly audit   jsesc: [ '3.1.0' ],
334 silly audit   '@babel/compat-data': [ '7.29.7' ],
334 silly audit   '@babel/helper-validator-option': [ '7.29.7' ],
334 silly audit   browserslist: [ '4.28.4' ],
334 silly audit   'lru-cache': [ '5.1.1' ],
334 silly audit   '@babel/helper-module-imports': [ '7.29.7' ],
334 silly audit   '@babel/helper-plugin-utils': [ '7.29.7' ],
334 silly audit   '@babel/helper-globals': [ '7.29.7' ],
334 silly audit   '@babel/helper-string-parser': [ '7.29.7' ],
334 silly audit   '@jridgewell/sourcemap-codec': [ '1.5.5' ],
334 silly audit   '@jridgewell/resolve-uri': [ '3.1.2' ],
334 silly audit   '@types/babel__generator': [ '7.27.0' ],
334 silly audit   '@types/babel__template': [ '7.4.4' ],
334 silly audit   '@types/babel__traverse': [ '7.28.0' ],
334 silly audit   'baseline-browser-mapping': [ '2.10.41' ],
334 silly audit   'caniuse-lite': [ '1.0.30001800' ],
334 silly audit   'electron-to-chromium': [ '1.5.385' ],
334 silly audit   'node-releases': [ '2.0.50' ],
334 silly audit   'update-browserslist-db': [ '1.2.3' ],
334 silly audit   ms: [ '2.1.3' ],
334 silly audit   yallist: [ '3.1.1' ],
334 silly audit   escalade: [ '3.2.0' ]
334 silly audit }
335 http cache escalade@https://registry.npmjs.org/escalade/-/escalade-3.2.0.tgz 0ms (cache hit)
336 http cache yallist@https://registry.npmjs.org/yallist/-/yallist-3.1.1.tgz 0ms (cache hit)
337 http cache update-browserslist-db@https://registry.npmjs.org/update-browserslist-db/-/update-browserslist-db-1.2.3.tgz 0ms (cache hit)
338 http cache node-releases@https://registry.npmjs.org/node-releases/-/node-releases-2.0.50.tgz 0ms (cache hit)
339 http cache ms@https://registry.npmjs.org/ms/-/ms-2.1.3.tgz 0ms (cache hit)
340 http cache caniuse-lite@https://registry.npmjs.org/caniuse-lite/-/caniuse-lite-1.0.30001800.tgz 0ms (cache hit)
341 http cache electron-to-chromium@https://registry.npmjs.org/electron-to-chromium/-/electron-to-chromium-1.5.385.tgz 0ms (cache hit)
342 http cache @jridgewell/resolve-uri@https://registry.npmjs.org/@jridgewell/resolve-uri/-/resolve-uri-3.1.2.tgz 0ms (cache hit)
343 http cache @types/babel__template@https://registry.npmjs.org/@types/babel__template/-/babel__template-7.4.4.tgz 0ms (cache hit)
344 http cache baseline-browser-mapping@https://registry.npmjs.org/baseline-browser-mapping/-/baseline-browser-mapping-2.10.41.tgz 0ms (cache hit)
345 http cache @types/babel__traverse@https://registry.npmjs.org/@types/babel__traverse/-/babel__traverse-7.28.0.tgz 0ms (cache hit)
346 http cache @types/babel__generator@https://registry.npmjs.org/@types/babel__generator/-/babel__generator-7.27.0.tgz 0ms (cache hit)
347 http cache @jridgewell/sourcemap-codec@https://registry.npmjs.org/@jridgewell/sourcemap-codec/-/sourcemap-codec-1.5.5.tgz 0ms (cache hit)
348 http cache @babel/helper-globals@https://registry.npmjs.org/@babel/helper-globals/-/helper-globals-7.29.7.tgz 0ms (cache hit)
349 http cache lru-cache@https://registry.npmjs.org/lru-cache/-/lru-cache-5.1.1.tgz 0ms (cache hit)
350 http cache @babel/helper-string-parser@https://registry.npmjs.org/@babel/helper-string-parser/-/helper-string-parser-7.29.7.tgz 0ms (cache hit)
351 http cache @babel/helper-module-imports@https://registry.npmjs.org/@babel/helper-module-imports/-/helper-module-imports-7.29.7.tgz 0ms (cache hit)
352 http cache browserslist@https://registry.npmjs.org/browserslist/-/browserslist-4.28.4.tgz 0ms (cache hit)
353 http cache @babel/helper-plugin-utils@https://registry.npmjs.org/@babel/helper-plugin-utils/-/helper-plugin-utils-7.29.7.tgz 0ms (cache hit)
354 http cache @jridgewell/trace-mapping@https://registry.npmjs.org/@jridgewell/trace-mapping/-/trace-mapping-0.3.31.tgz 0ms (cache hit)
355 http cache jsesc@https://registry.npmjs.org/jsesc/-/jsesc-3.1.0.tgz 0ms (cache hit)
356 http cache @babel/compat-data@https://registry.npmjs.org/@babel/compat-data/-/compat-data-7.29.7.tgz 0ms (cache hit)
357 http cache @babel/helper-validator-option@https://registry.npmjs.org/@babel/helper-validator-option/-/helper-validator-option-7.29.7.tgz 0ms (cache hit)
358 http cache @jridgewell/gen-mapping@https://registry.npmjs.org/@jridgewell/gen-mapping/-/gen-mapping-0.3.13.tgz 0ms (cache hit)
359 http cache @babel/helper-validator-identifier@https://registry.npmjs.org/@babel/helper-validator-identifier/-/helper-validator-identifier-7.29.7.tgz 0ms (cache hit)
360 http cache semver@https://registry.npmjs.org/semver/-/semver-6.3.1.tgz 0ms (cache hit)
361 http cache @jridgewell/remapping@https://registry.npmjs.org/@jridgewell/remapping/-/remapping-2.3.5.tgz 0ms (cache hit)
362 http cache json5@https://registry.npmjs.org/json5/-/json5-2.2.3.tgz 0ms (cache hit)
363 http cache convert-source-map@https://registry.npmjs.org/convert-source-map/-/convert-source-map-2.0.0.tgz 0ms (cache hit)
364 http cache gensync@https://registry.npmjs.org/gensync/-/gensync-1.0.0-beta.2.tgz 0ms (cache hit)
365 http cache debug@https://registry.npmjs.org/debug/-/debug-4.4.3.tgz 0ms (cache hit)
366 http cache @babel/types@https://registry.npmjs.org/@babel/types/-/types-7.29.7.tgz 0ms (cache hit)
367 http cache @babel/traverse@https://registry.npmjs.org/@babel/traverse/-/traverse-7.29.7.tgz 0ms (cache hit)
368 http cache @babel/template@https://registry.npmjs.org/@babel/template/-/template-7.29.7.tgz 0ms (cache hit)
369 http cache @babel/parser@https://registry.npmjs.org/@babel/parser/-/parser-7.29.7.tgz 0ms (cache hit)
370 http cache @babel/helpers@https://registry.npmjs.org/@babel/helpers/-/helpers-7.29.7.tgz 0ms (cache hit)
371 http cache @babel/helper-module-transforms@https://registry.npmjs.org/@babel/helper-module-transforms/-/helper-module-transforms-7.29.7.tgz 0ms (cache hit)
372 http cache @babel/helper-compilation-targets@https://registry.npmjs.org/@babel/helper-compilation-targets/-/helper-compilation-targets-7.29.7.tgz 0ms (cache hit)
373 http cache @babel/code-frame@https://registry.npmjs.org/@babel/code-frame/-/code-frame-7.29.7.tgz 0ms (cache hit)
374 http cache react-refresh@https://registry.npmjs.org/react-refresh/-/react-refresh-0.17.0.tgz 0ms (cache hit)
375 http cache @types/babel__core@https://registry.npmjs.org/@types/babel__core/-/babel__core-7.20.5.tgz 0ms (cache hit)
376 http cache @babel/generator@https://registry.npmjs.org/@babel/generator/-/generator-7.29.7.tgz 0ms (cache hit)
377 http cache @rolldown/pluginutils@https://registry.npmjs.org/@rolldown/pluginutils/-/pluginutils-1.0.0-beta.27.tgz 0ms (cache hit)
378 http cache @vitejs/plugin-react@https://registry.npmjs.org/@vitejs/plugin-react/-/plugin-react-4.7.0.tgz 0ms (cache hit)
379 silly tarball no local data for escalade@https://registry.npmjs.org/escalade/-/escalade-3.2.0.tgz. Extracting by manifest.
380 http cache @babel/plugin-transform-react-jsx-source@https://registry.npmjs.org/@babel/plugin-transform-react-jsx-source/-/plugin-transform-react-jsx-source-7.29.7.tgz 0ms (cache hit)
381 silly tarball no local data for yallist@https://registry.npmjs.org/yallist/-/yallist-3.1.1.tgz. Extracting by manifest.
382 silly tarball no local data for update-browserslist-db@https://registry.npmjs.org/update-browserslist-db/-/update-browserslist-db-1.2.3.tgz. Extracting by manifest.
383 silly tarball no local data for node-releases@https://registry.npmjs.org/node-releases/-/node-releases-2.0.50.tgz. Extracting by manifest.
384 http cache @babel/plugin-transform-react-jsx-self@https://registry.npmjs.org/@babel/plugin-transform-react-jsx-self/-/plugin-transform-react-jsx-self-7.29.7.tgz 0ms (cache hit)
385 silly tarball no local data for ms@https://registry.npmjs.org/ms/-/ms-2.1.3.tgz. Extracting by manifest.
386 http cache @babel/core@https://registry.npmjs.org/@babel/core/-/core-7.29.7.tgz 0ms (cache hit)
387 silly tarball no local data for caniuse-lite@https://registry.npmjs.org/caniuse-lite/-/caniuse-lite-1.0.30001800.tgz. Extracting by manifest.
388 silly tarball no local data for electron-to-chromium@https://registry.npmjs.org/electron-to-chromium/-/electron-to-chromium-1.5.385.tgz. Extracting by manifest.
389 silly tarball no local data for @jridgewell/resolve-uri@https://registry.npmjs.org/@jridgewell/resolve-uri/-/resolve-uri-3.1.2.tgz. Extracting by manifest.
390 silly tarball no local data for @types/babel__template@https://registry.npmjs.org/@types/babel__template/-/babel__template-7.4.4.tgz. Extracting by manifest.
391 silly tarball no local data for baseline-browser-mapping@https://registry.npmjs.org/baseline-browser-mapping/-/baseline-browser-mapping-2.10.41.tgz. Extracting by manifest.
392 silly tarball no local data for @types/babel__traverse@https://registry.npmjs.org/@types/babel__traverse/-/babel__traverse-7.28.0.tgz. Extracting by manifest.
393 silly tarball no local data for @types/babel__generator@https://registry.npmjs.org/@types/babel__generator/-/babel__generator-7.27.0.tgz. Extracting by manifest.
394 silly tarball no local data for @jridgewell/sourcemap-codec@https://registry.npmjs.org/@jridgewell/sourcemap-codec/-/sourcemap-codec-1.5.5.tgz. Extracting by manifest.
395 silly tarball no local data for @babel/helper-globals@https://registry.npmjs.org/@babel/helper-globals/-/helper-globals-7.29.7.tgz. Extracting by manifest.
396 silly tarball no local data for lru-cache@https://registry.npmjs.org/lru-cache/-/lru-cache-5.1.1.tgz. Extracting by manifest.
397 silly tarball no local data for @babel/helper-string-parser@https://registry.npmjs.org/@babel/helper-string-parser/-/helper-string-parser-7.29.7.tgz. Extracting by manifest.
398 silly tarball no local data for @babel/helper-module-imports@https://registry.npmjs.org/@babel/helper-module-imports/-/helper-module-imports-7.29.7.tgz. Extracting by manifest.
399 silly tarball no local data for browserslist@https://registry.npmjs.org/browserslist/-/browserslist-4.28.4.tgz. Extracting by manifest.
400 silly tarball no local data for @babel/helper-plugin-utils@https://registry.npmjs.org/@babel/helper-plugin-utils/-/helper-plugin-utils-7.29.7.tgz. Extracting by manifest.
401 silly tarball no local data for @jridgewell/trace-mapping@https://registry.npmjs.org/@jridgewell/trace-mapping/-/trace-mapping-0.3.31.tgz. Extracting by manifest.
402 silly tarball no local data for jsesc@https://registry.npmjs.org/jsesc/-/jsesc-3.1.0.tgz. Extracting by manifest.
403 silly tarball no local data for @babel/compat-data@https://registry.npmjs.org/@babel/compat-data/-/compat-data-7.29.7.tgz. Extracting by manifest.
404 silly tarball no local data for @babel/helper-validator-option@https://registry.npmjs.org/@babel/helper-validator-option/-/helper-validator-option-7.29.7.tgz. Extracting by manifest.
405 silly tarball no local data for @jridgewell/gen-mapping@https://registry.npmjs.org/@jridgewell/gen-mapping/-/gen-mapping-0.3.13.tgz. Extracting by manifest.
406 silly tarball no local data for @babel/helper-validator-identifier@https://registry.npmjs.org/@babel/helper-validator-identifier/-/helper-validator-identifier-7.29.7.tgz. Extracting by manifest.
407 silly tarball no local data for semver@https://registry.npmjs.org/semver/-/semver-6.3.1.tgz. Extracting by manifest.
408 silly tarball no local data for @jridgewell/remapping@https://registry.npmjs.org/@jridgewell/remapping/-/remapping-2.3.5.tgz. Extracting by manifest.
409 silly tarball no local data for json5@https://registry.npmjs.org/json5/-/json5-2.2.3.tgz. Extracting by manifest.
410 silly tarball no local data for convert-source-map@https://registry.npmjs.org/convert-source-map/-/convert-source-map-2.0.0.tgz. Extracting by manifest.
411 silly tarball no local data for gensync@https://registry.npmjs.org/gensync/-/gensync-1.0.0-beta.2.tgz. Extracting by manifest.
412 silly tarball no local data for debug@https://registry.npmjs.org/debug/-/debug-4.4.3.tgz. Extracting by manifest.
413 silly tarball no local data for @babel/types@https://registry.npmjs.org/@babel/types/-/types-7.29.7.tgz. Extracting by manifest.
414 silly tarball no local data for @babel/traverse@https://registry.npmjs.org/@babel/traverse/-/traverse-7.29.7.tgz. Extracting by manifest.
415 silly tarball no local data for @babel/template@https://registry.npmjs.org/@babel/template/-/template-7.29.7.tgz. Extracting by manifest.
416 silly tarball no local data for @babel/parser@https://registry.npmjs.org/@babel/parser/-/parser-7.29.7.tgz. Extracting by manifest.
417 silly tarball no local data for @babel/helpers@https://registry.npmjs.org/@babel/helpers/-/helpers-7.29.7.tgz. Extracting by manifest.
418 silly tarball no local data for @babel/helper-module-transforms@https://registry.npmjs.org/@babel/helper-module-transforms/-/helper-module-transforms-7.29.7.tgz. Extracting by manifest.
419 silly tarball no local data for @babel/helper-compilation-targets@https://registry.npmjs.org/@babel/helper-compilation-targets/-/helper-compilation-targets-7.29.7.tgz. Extracting by manifest.
420 silly tarball no local data for @babel/code-frame@https://registry.npmjs.org/@babel/code-frame/-/code-frame-7.29.7.tgz. Extracting by manifest.
421 silly tarball no local data for react-refresh@https://registry.npmjs.org/react-refresh/-/react-refresh-0.17.0.tgz. Extracting by manifest.
422 silly tarball no local data for @types/babel__core@https://registry.npmjs.org/@types/babel__core/-/babel__core-7.20.5.tgz. Extracting by manifest.
423 silly tarball no local data for @babel/generator@https://registry.npmjs.org/@babel/generator/-/generator-7.29.7.tgz. Extracting by manifest.
424 silly tarball no local data for @rolldown/pluginutils@https://registry.npmjs.org/@rolldown/pluginutils/-/pluginutils-1.0.0-beta.27.tgz. Extracting by manifest.
425 silly tarball no local data for @vitejs/plugin-react@https://registry.npmjs.org/@vitejs/plugin-react/-/plugin-react-4.7.0.tgz. Extracting by manifest.
426 silly tarball no local data for @babel/plugin-transform-react-jsx-source@https://registry.npmjs.org/@babel/plugin-transform-react-jsx-source/-/plugin-transform-react-jsx-source-7.29.7.tgz. Extracting by manifest.
427 silly tarball no local data for @babel/plugin-transform-react-jsx-self@https://registry.npmjs.org/@babel/plugin-transform-react-jsx-self/-/plugin-transform-react-jsx-self-7.29.7.tgz. Extracting by manifest.
428 silly tarball no local data for @babel/core@https://registry.npmjs.org/@babel/core/-/core-7.29.7.tgz. Extracting by manifest.
429 http fetch GET 200 https://registry.npmjs.org/ms/-/ms-2.1.3.tgz 111ms (cache miss)
430 http fetch GET 200 https://registry.npmjs.org/node-releases/-/node-releases-2.0.50.tgz 115ms (cache miss)
431 http fetch GET 200 https://registry.npmjs.org/yallist/-/yallist-3.1.1.tgz 139ms (cache miss)
432 http fetch GET 200 https://registry.npmjs.org/update-browserslist-db/-/update-browserslist-db-1.2.3.tgz 143ms (cache miss)
433 http fetch GET 200 https://registry.npmjs.org/@types/babel__template/-/babel__template-7.4.4.tgz 148ms (cache miss)
434 http fetch GET 200 https://registry.npmjs.org/@types/babel__generator/-/babel__generator-7.27.0.tgz 154ms (cache miss)
435 http fetch GET 200 https://registry.npmjs.org/@types/babel__traverse/-/babel__traverse-7.28.0.tgz 165ms (cache miss)
436 http fetch GET 200 https://registry.npmjs.org/lru-cache/-/lru-cache-5.1.1.tgz 165ms (cache miss)
437 http fetch GET 200 https://registry.npmjs.org/escalade/-/escalade-3.2.0.tgz 173ms (cache miss)
438 http fetch GET 200 https://registry.npmjs.org/@babel/helper-globals/-/helper-globals-7.29.7.tgz 167ms (cache miss)
439 http fetch GET 200 https://registry.npmjs.org/baseline-browser-mapping/-/baseline-browser-mapping-2.10.41.tgz 174ms (cache miss)
440 http fetch GET 200 https://registry.npmjs.org/@jridgewell/resolve-uri/-/resolve-uri-3.1.2.tgz 175ms (cache miss)
441 http fetch GET 200 https://registry.npmjs.org/electron-to-chromium/-/electron-to-chromium-1.5.385.tgz 189ms (cache miss)
442 http fetch GET 200 https://registry.npmjs.org/@babel/helper-string-parser/-/helper-string-parser-7.29.7.tgz 189ms (cache miss)
443 http fetch GET 200 https://registry.npmjs.org/@babel/helper-plugin-utils/-/helper-plugin-utils-7.29.7.tgz 196ms (cache miss)
444 http fetch GET 200 https://registry.npmjs.org/jsesc/-/jsesc-3.1.0.tgz 199ms (cache miss)
445 http fetch GET 200 https://registry.npmjs.org/browserslist/-/browserslist-4.28.4.tgz 209ms (cache miss)
446 http fetch GET 200 https://registry.npmjs.org/@babel/compat-data/-/compat-data-7.29.7.tgz 209ms (cache miss)
447 http fetch GET 200 https://registry.npmjs.org/@babel/helper-validator-option/-/helper-validator-option-7.29.7.tgz 210ms (cache miss)
448 http fetch GET 200 https://registry.npmjs.org/@babel/helper-module-imports/-/helper-module-imports-7.29.7.tgz 214ms (cache miss)
449 http fetch GET 200 https://registry.npmjs.org/semver/-/semver-6.3.1.tgz 227ms (cache miss)
450 http fetch GET 200 https://registry.npmjs.org/@jridgewell/sourcemap-codec/-/sourcemap-codec-1.5.5.tgz 232ms (cache miss)
451 http fetch POST 200 https://registry.npmjs.org/-/npm/v1/security/advisories/bulk 276ms
452 silly audit report {
452 silly audit report   esbuild: [
452 silly audit report     {
452 silly audit report       id: 1102341,
452 silly audit report       url: 'https://github.com/advisories/GHSA-67mh-4wv8-2f99',
452 silly audit report       title: 'esbuild enables any website to send any requests to the development server and read the response',
452 silly audit report       severity: 'moderate',
452 silly audit report       vulnerable_versions: '<=0.24.2',
452 silly audit report       cwe: [Array],
452 silly audit report       cvss: [Object]
452 silly audit report     }
452 silly audit report   ],
452 silly audit report   vite: [
452 silly audit report     {
452 silly audit report       id: 1120784,
452 silly audit report       url: 'https://github.com/advisories/GHSA-v6wh-96g9-6wx3',
452 silly audit report       title: 'launch-editor: NTLMv2 hash disclosure via UNC path handling on Windows',
452 silly audit report       severity: 'moderate',
452 silly audit report       vulnerable_versions: '<=6.4.2',
452 silly audit report       cwe: [Array],
452 silly audit report       cvss: [Object]
452 silly audit report     },
452 silly audit report     {
452 silly audit report       id: 1120789,
452 silly audit report       url: 'https://github.com/advisories/GHSA-fx2h-pf6j-xcff',
452 silly audit report       title: 'vite: `server.fs.deny` bypass on Windows alternate paths',
452 silly audit report       severity: 'high',
452 silly audit report       vulnerable_versions: '<=6.4.2',
452 silly audit report       cwe: [Array],
452 silly audit report       cvss: [Object]
452 silly audit report     },
452 silly audit report     {
452 silly audit report       id: 1116229,
452 silly audit report       url: 'https://github.com/advisories/GHSA-4w7w-66w2-5vf9',
452 silly audit report       title: 'Vite Vulnerable to Path Traversal in Optimized Deps `.map` Handling',
452 silly audit report       severity: 'moderate',
452 silly audit report       vulnerable_versions: '<=6.4.1',
452 silly audit report       cwe: [Array],
452 silly audit report       cvss: [Object]
452 silly audit report     }
452 silly audit report   ]
452 silly audit report }
453 silly packumentCache corgi:https://registry.npmjs.org/esbuild cache-miss
454 silly packumentCache corgi:https://registry.npmjs.org/vite cache-miss
455 http fetch GET 200 https://registry.npmjs.org/gensync/-/gensync-1.0.0-beta.2.tgz 267ms (cache miss)
456 http fetch GET 200 https://registry.npmjs.org/@babel/helper-validator-identifier/-/helper-validator-identifier-7.29.7.tgz 273ms (cache miss)
457 http fetch GET 200 https://registry.npmjs.org/convert-source-map/-/convert-source-map-2.0.0.tgz 273ms (cache miss)
458 http fetch GET 200 https://registry.npmjs.org/debug/-/debug-4.4.3.tgz 286ms (cache miss)
459 http fetch GET 200 https://registry.npmjs.org/json5/-/json5-2.2.3.tgz 296ms (cache miss)
460 http fetch GET 200 https://registry.npmjs.org/@babel/code-frame/-/code-frame-7.29.7.tgz 326ms (cache miss)
461 http fetch GET 200 https://registry.npmjs.org/@babel/helper-module-transforms/-/helper-module-transforms-7.29.7.tgz 330ms (cache miss)
462 http fetch GET 200 https://registry.npmjs.org/@babel/template/-/template-7.29.7.tgz 334ms (cache miss)
463 http fetch GET 200 https://registry.npmjs.org/@jridgewell/remapping/-/remapping-2.3.5.tgz 348ms (cache miss)
464 http fetch GET 200 https://registry.npmjs.org/@babel/helper-compilation-targets/-/helper-compilation-targets-7.29.7.tgz 351ms (cache miss)
465 http fetch GET 200 https://registry.npmjs.org/@jridgewell/gen-mapping/-/gen-mapping-0.3.13.tgz 358ms (cache miss)
466 http fetch GET 200 https://registry.npmjs.org/@jridgewell/trace-mapping/-/trace-mapping-0.3.31.tgz 387ms (cache miss)
467 http fetch GET 200 https://registry.npmjs.org/react-refresh/-/react-refresh-0.17.0.tgz 391ms (cache miss)
468 http fetch GET 200 https://registry.npmjs.org/vite 151ms (cache revalidated)
469 silly packumentCache corgi:https://registry.npmjs.org/vite set size:2279626 disposed:false
470 http fetch GET 200 https://registry.npmjs.org/@types/babel__core/-/babel__core-7.20.5.tgz 414ms (cache miss)
471 http fetch GET 200 https://registry.npmjs.org/esbuild 174ms (cache revalidated)
472 silly packumentCache corgi:https://registry.npmjs.org/esbuild set size:887361 disposed:false
473 http fetch GET 200 https://registry.npmjs.org/@babel/parser/-/parser-7.29.7.tgz 424ms (cache miss)
474 http fetch GET 200 https://registry.npmjs.org/@babel/plugin-transform-react-jsx-self/-/plugin-transform-react-jsx-self-7.29.7.tgz 419ms (cache miss)
475 http fetch GET 200 https://registry.npmjs.org/@babel/plugin-transform-react-jsx-source/-/plugin-transform-react-jsx-source-7.29.7.tgz 425ms (cache miss)
476 silly packumentCache corgi:https://registry.npmjs.org/@vitejs%2fplugin-react cache-miss
477 http fetch GET 200 https://registry.npmjs.org/@rolldown/pluginutils/-/pluginutils-1.0.0-beta.27.tgz 442ms (cache miss)
478 http fetch GET 200 https://registry.npmjs.org/@vitejs/plugin-react/-/plugin-react-4.7.0.tgz 443ms (cache miss)
479 http fetch GET 200 https://registry.npmjs.org/@babel/traverse/-/traverse-7.29.7.tgz 522ms (cache miss)
480 http fetch GET 200 https://registry.npmjs.org/@vitejs%2fplugin-react 110ms (cache miss)
481 silly packumentCache corgi:https://registry.npmjs.org/@vitejs%2fplugin-react set size:undefined disposed:false
482 http fetch GET 200 https://registry.npmjs.org/@babel/core/-/core-7.29.7.tgz 717ms (cache miss)
483 http fetch GET 200 https://registry.npmjs.org/@babel/types/-/types-7.29.7.tgz 788ms (cache miss)
484 http fetch GET 200 https://registry.npmjs.org/@babel/helpers/-/helpers-7.29.7.tgz 826ms (cache miss)
485 http fetch GET 200 https://registry.npmjs.org/@babel/generator/-/generator-7.29.7.tgz 1322ms (cache miss)
486 http fetch GET 200 https://registry.npmjs.org/caniuse-lite/-/caniuse-lite-1.0.30001800.tgz 1934ms (cache miss)
487 silly ADD node_modules/escalade
488 silly ADD node_modules/yallist
489 silly ADD node_modules/ms
490 silly ADD node_modules/update-browserslist-db
491 silly ADD node_modules/node-releases
492 silly ADD node_modules/electron-to-chromium
493 silly ADD node_modules/caniuse-lite
494 silly ADD node_modules/baseline-browser-mapping
495 silly ADD node_modules/@types/babel__traverse
496 silly ADD node_modules/@types/babel__template
497 silly ADD node_modules/@types/babel__generator
498 silly ADD node_modules/@jridgewell/resolve-uri
499 silly ADD node_modules/@jridgewell/sourcemap-codec
500 silly ADD node_modules/@babel/helper-string-parser
501 silly ADD node_modules/@babel/helper-globals
502 silly ADD node_modules/@babel/helper-plugin-utils
503 silly ADD node_modules/@babel/helper-module-imports
504 silly ADD node_modules/lru-cache
505 silly ADD node_modules/browserslist
506 silly ADD node_modules/@babel/helper-validator-option
507 silly ADD node_modules/@babel/compat-data
508 silly ADD node_modules/jsesc
509 silly ADD node_modules/@jridgewell/trace-mapping
510 silly ADD node_modules/@jridgewell/gen-mapping
511 silly ADD node_modules/@babel/helper-validator-identifier
512 silly ADD node_modules/semver
513 silly ADD node_modules/json5
514 silly ADD node_modules/gensync
515 silly ADD node_modules/debug
516 silly ADD node_modules/convert-source-map
517 silly ADD node_modules/@jridgewell/remapping
518 silly ADD node_modules/@babel/types
519 silly ADD node_modules/@babel/traverse
520 silly ADD node_modules/@babel/template
521 silly ADD node_modules/@babel/parser
522 silly ADD node_modules/@babel/helpers
523 silly ADD node_modules/@babel/helper-module-transforms
524 silly ADD node_modules/@babel/helper-compilation-targets
525 silly ADD node_modules/@babel/generator
526 silly ADD node_modules/@babel/code-frame
527 silly ADD node_modules/react-refresh
528 silly ADD node_modules/@types/babel__core
529 silly ADD node_modules/@rolldown/pluginutils
530 silly ADD node_modules/@babel/plugin-transform-react-jsx-source
531 silly ADD node_modules/@babel/plugin-transform-react-jsx-self
532 silly ADD node_modules/@babel/core
533 silly ADD node_modules/@vitejs/plugin-react
534 verbose cwd C:\Users\TechproSdx\Documents\Car Parking\UI-UX ParknGo\parkngo-handbook-site
535 verbose os Windows_NT 10.0.26200
536 verbose node v24.14.0
537 verbose npm  v11.9.0
538 verbose exit 0
539 info ok
