0 verbose cli C:\Program Files\nodejs\node.exe C:\Program Files\nodejs\node_modules\npm\bin\npm-cli.js
1 info using npm@11.9.0
2 info using node@v24.14.0
3 silly config load:file:C:\Program Files\nodejs\node_modules\npm\npmrc
4 silly config load:file:C:\Users\TechproSdx\Documents\Car Parking\UI-UX ParknGo\parkngo-handbook-site\.npmrc
5 silly config load:file:C:\Users\TechproSdx\.npmrc
6 silly config load:file:C:\Users\TechproSdx\AppData\Roaming\npm\etc\npmrc
7 verbose title npm install
8 verbose argv "install"
9 verbose logfile logs-max:10 dir:C:\Users\TechproSdx\Documents\Car Parking\UI-UX ParknGo\parkngo-handbook-site\.npm-cache\_logs\2026-07-03T10_12_03_117Z-
10 verbose logfile C:\Users\TechproSdx\Documents\Car Parking\UI-UX ParknGo\parkngo-handbook-site\.npm-cache\_logs\2026-07-03T10_12_03_117Z-debug-0.log
11 silly logfile done cleaning log files
12 silly packumentCache heap:4496293888 maxSize:1124073472 maxEntrySize:562036736
13 silly idealTree buildDeps
14 silly fetch manifest react@^18.3.1
15 silly packumentCache full:https://registry.npmjs.org/react cache-miss
16 http fetch GET 200 https://registry.npmjs.org/npm 263ms
17 http fetch GET 200 https://registry.npmjs.org/react 396ms (cache miss)
18 silly packumentCache full:https://registry.npmjs.org/react set size:undefined disposed:false
19 silly fetch manifest react-dom@^18.3.1
20 silly packumentCache full:https://registry.npmjs.org/react-dom cache-miss
21 http fetch GET 200 https://registry.npmjs.org/react-dom 258ms (cache miss)
22 silly packumentCache full:https://registry.npmjs.org/react-dom set size:undefined disposed:false
23 silly fetch manifest vite@^5.4.10
24 silly packumentCache full:https://registry.npmjs.org/vite cache-miss
25 http fetch GET 200 https://registry.npmjs.org/vite 1481ms (cache miss)
26 silly packumentCache full:https://registry.npmjs.org/vite set size:undefined disposed:false
27 silly fetch manifest @types/node@^18.0.0 || >=20.0.0
28 silly packumentCache full:https://registry.npmjs.org/@types%2fnode cache-miss
29 http fetch GET 200 https://registry.npmjs.org/@types%2fnode 289ms (cache miss)
30 silly packumentCache full:https://registry.npmjs.org/@types%2fnode set size:undefined disposed:false
31 silly fetch manifest less@*
32 silly packumentCache full:https://registry.npmjs.org/less cache-miss
33 http fetch GET 200 https://registry.npmjs.org/less 81ms (cache miss)
34 silly packumentCache full:https://registry.npmjs.org/less set size:undefined disposed:false
35 silly fetch manifest lightningcss@^1.21.0
36 silly packumentCache full:https://registry.npmjs.org/lightningcss cache-miss
37 http fetch GET 200 https://registry.npmjs.org/lightningcss 98ms (cache miss)
38 silly packumentCache full:https://registry.npmjs.org/lightningcss set size:undefined disposed:false
39 silly fetch manifest sass@*
40 silly packumentCache full:https://registry.npmjs.org/sass cache-miss
41 http fetch GET 200 https://registry.npmjs.org/sass 92ms (cache miss)
42 silly packumentCache full:https://registry.npmjs.org/sass set size:undefined disposed:false
43 silly fetch manifest sass-embedded@*
44 silly packumentCache full:https://registry.npmjs.org/sass-embedded cache-miss
45 http fetch GET 200 https://registry.npmjs.org/sass-embedded 90ms (cache miss)
46 silly packumentCache full:https://registry.npmjs.org/sass-embedded set size:undefined disposed:false
47 silly fetch manifest stylus@*
48 silly packumentCache full:https://registry.npmjs.org/stylus cache-miss
49 http fetch GET 200 https://registry.npmjs.org/stylus 76ms (cache miss)
50 silly packumentCache full:https://registry.npmjs.org/stylus set size:undefined disposed:false
51 silly fetch manifest sugarss@*
52 silly packumentCache full:https://registry.npmjs.org/sugarss cache-miss
53 http fetch GET 200 https://registry.npmjs.org/sugarss 64ms (cache miss)
54 silly packumentCache full:https://registry.npmjs.org/sugarss set size:undefined disposed:false
55 silly fetch manifest postcss@^8.3.3
56 silly packumentCache full:https://registry.npmjs.org/postcss cache-miss
57 http fetch GET 200 https://registry.npmjs.org/postcss 91ms (cache miss)
58 silly packumentCache full:https://registry.npmjs.org/postcss set size:undefined disposed:false
59 silly fetch manifest terser@^5.4.0
60 silly packumentCache full:https://registry.npmjs.org/terser cache-miss
61 http fetch GET 200 https://registry.npmjs.org/terser 93ms (cache miss)
62 silly packumentCache full:https://registry.npmjs.org/terser set size:undefined disposed:false
63 silly placeDep ROOT react@18.3.1 OK for: parkngo-handbook-site@1.0.0 want: ^18.3.1
64 silly placeDep ROOT react-dom@18.3.1 OK for: parkngo-handbook-site@1.0.0 want: ^18.3.1
65 silly placeDep ROOT vite@5.4.21 OK for: parkngo-handbook-site@1.0.0 want: ^5.4.10
66 silly fetch manifest loose-envify@^1.1.0
67 silly packumentCache full:https://registry.npmjs.org/loose-envify cache-miss
68 silly fetch manifest scheduler@^0.23.2
69 silly packumentCache full:https://registry.npmjs.org/scheduler cache-miss
70 silly fetch manifest loose-envify@^1.1.0
71 silly packumentCache full:https://registry.npmjs.org/loose-envify cache-miss
72 silly fetch manifest rollup@^4.20.0
73 silly packumentCache full:https://registry.npmjs.org/rollup cache-miss
74 silly fetch manifest esbuild@^0.21.3
75 silly packumentCache full:https://registry.npmjs.org/esbuild cache-miss
76 silly fetch manifest postcss@^8.4.43
77 silly packumentCache full:https://registry.npmjs.org/postcss cache-miss
78 silly fetch manifest fsevents@~2.3.3
79 silly packumentCache full:https://registry.npmjs.org/fsevents cache-miss
80 http cache https://registry.npmjs.org/postcss 34ms (cache hit)
81 silly packumentCache full:https://registry.npmjs.org/postcss set size:726591 disposed:false
82 http fetch GET 200 https://registry.npmjs.org/loose-envify 118ms (cache miss)
83 silly packumentCache full:https://registry.npmjs.org/loose-envify set size:undefined disposed:false
84 http fetch GET 200 https://registry.npmjs.org/loose-envify 191ms (cache miss)
85 silly packumentCache full:https://registry.npmjs.org/loose-envify set size:undefined disposed:false
86 http fetch GET 200 https://registry.npmjs.org/scheduler 289ms (cache miss)
87 silly packumentCache full:https://registry.npmjs.org/scheduler set size:undefined disposed:false
88 http fetch GET 200 https://registry.npmjs.org/fsevents 355ms (cache miss)
89 silly packumentCache full:https://registry.npmjs.org/fsevents set size:undefined disposed:false
90 http fetch GET 200 https://registry.npmjs.org/esbuild 396ms (cache miss)
91 silly packumentCache full:https://registry.npmjs.org/esbuild set size:undefined disposed:false
92 http fetch GET 200 https://registry.npmjs.org/rollup 482ms (cache miss)
93 silly packumentCache full:https://registry.npmjs.org/rollup set size:undefined disposed:false
94 silly placeDep ROOT loose-envify@1.4.0 OK for: react@18.3.1 want: ^1.1.0
95 silly fetch manifest js-tokens@^3.0.0 || ^4.0.0
96 silly packumentCache full:https://registry.npmjs.org/js-tokens cache-miss
97 http fetch GET 200 https://registry.npmjs.org/js-tokens 70ms (cache miss)
98 silly packumentCache full:https://registry.npmjs.org/js-tokens set size:undefined disposed:false
99 silly placeDep ROOT js-tokens@4.0.0 OK for: loose-envify@1.4.0 want: ^3.0.0 || ^4.0.0
100 silly placeDep ROOT scheduler@0.23.2 OK for: react-dom@18.3.1 want: ^0.23.2
101 silly placeDep ROOT esbuild@0.21.5 OK for: vite@5.4.21 want: ^0.21.3
102 silly placeDep ROOT fsevents@2.3.3 OK for: vite@5.4.21 want: ~2.3.3
103 silly placeDep ROOT postcss@8.5.16 OK for: vite@5.4.21 want: ^8.4.43
104 silly placeDep ROOT rollup@4.62.2 OK for: vite@5.4.21 want: ^4.20.0
105 silly fetch manifest @esbuild/aix-ppc64@0.21.5
106 silly packumentCache full:https://registry.npmjs.org/@esbuild%2faix-ppc64 cache-miss
107 silly fetch manifest @esbuild/linux-arm@0.21.5
108 silly packumentCache full:https://registry.npmjs.org/@esbuild%2flinux-arm cache-miss
109 silly fetch manifest @esbuild/linux-x64@0.21.5
110 silly packumentCache full:https://registry.npmjs.org/@esbuild%2flinux-x64 cache-miss
111 silly fetch manifest @esbuild/sunos-x64@0.21.5
112 silly packumentCache full:https://registry.npmjs.org/@esbuild%2fsunos-x64 cache-miss
113 silly fetch manifest @esbuild/win32-x64@0.21.5
114 silly packumentCache full:https://registry.npmjs.org/@esbuild%2fwin32-x64 cache-miss
115 silly fetch manifest @esbuild/darwin-x64@0.21.5
116 silly packumentCache full:https://registry.npmjs.org/@esbuild%2fdarwin-x64 cache-miss
117 silly fetch manifest @esbuild/linux-ia32@0.21.5
118 silly packumentCache full:https://registry.npmjs.org/@esbuild%2flinux-ia32 cache-miss
119 silly fetch manifest @esbuild/netbsd-x64@0.21.5
120 silly packumentCache full:https://registry.npmjs.org/@esbuild%2fnetbsd-x64 cache-miss
121 silly fetch manifest @esbuild/win32-ia32@0.21.5
122 silly packumentCache full:https://registry.npmjs.org/@esbuild%2fwin32-ia32 cache-miss
123 silly fetch manifest @esbuild/android-arm@0.21.5
124 silly packumentCache full:https://registry.npmjs.org/@esbuild%2fandroid-arm cache-miss
125 silly fetch manifest @esbuild/android-x64@0.21.5
126 silly packumentCache full:https://registry.npmjs.org/@esbuild%2fandroid-x64 cache-miss
127 silly fetch manifest @esbuild/freebsd-x64@0.21.5
128 silly packumentCache full:https://registry.npmjs.org/@esbuild%2ffreebsd-x64 cache-miss
129 silly fetch manifest @esbuild/linux-arm64@0.21.5
130 silly packumentCache full:https://registry.npmjs.org/@esbuild%2flinux-arm64 cache-miss
131 silly fetch manifest @esbuild/linux-ppc64@0.21.5
132 silly packumentCache full:https://registry.npmjs.org/@esbuild%2flinux-ppc64 cache-miss
133 silly fetch manifest @esbuild/linux-s390x@0.21.5
134 silly packumentCache full:https://registry.npmjs.org/@esbuild%2flinux-s390x cache-miss
135 http fetch GET 200 https://registry.npmjs.org/@esbuild%2fsunos-x64 100ms (cache miss)
136 silly packumentCache full:https://registry.npmjs.org/@esbuild%2fsunos-x64 set size:undefined disposed:false
137 silly fetch manifest @esbuild/openbsd-x64@0.21.5
138 silly packumentCache full:https://registry.npmjs.org/@esbuild%2fopenbsd-x64 cache-miss
139 http fetch GET 200 https://registry.npmjs.org/@esbuild%2faix-ppc64 147ms (cache miss)
140 silly packumentCache full:https://registry.npmjs.org/@esbuild%2faix-ppc64 set size:undefined disposed:false
141 silly fetch manifest @esbuild/win32-arm64@0.21.5
142 silly packumentCache full:https://registry.npmjs.org/@esbuild%2fwin32-arm64 cache-miss
143 http fetch GET 200 https://registry.npmjs.org/@esbuild%2fwin32-x64 158ms (cache miss)
144 silly packumentCache full:https://registry.npmjs.org/@esbuild%2fwin32-x64 set size:undefined disposed:false
145 silly fetch manifest @esbuild/darwin-arm64@0.21.5
146 silly packumentCache full:https://registry.npmjs.org/@esbuild%2fdarwin-arm64 cache-miss
147 http fetch GET 200 https://registry.npmjs.org/@esbuild%2flinux-arm 168ms (cache miss)
148 silly packumentCache full:https://registry.npmjs.org/@esbuild%2flinux-arm set size:undefined disposed:false
149 silly fetch manifest @esbuild/android-arm64@0.21.5
150 silly packumentCache full:https://registry.npmjs.org/@esbuild%2fandroid-arm64 cache-miss
151 http fetch GET 200 https://registry.npmjs.org/@esbuild%2flinux-x64 171ms (cache miss)
152 silly packumentCache full:https://registry.npmjs.org/@esbuild%2flinux-x64 set size:undefined disposed:false
153 silly fetch manifest @esbuild/freebsd-arm64@0.21.5
154 silly packumentCache full:https://registry.npmjs.org/@esbuild%2ffreebsd-arm64 cache-miss
155 http fetch GET 200 https://registry.npmjs.org/@esbuild%2fdarwin-x64 173ms (cache miss)
156 silly packumentCache full:https://registry.npmjs.org/@esbuild%2fdarwin-x64 set size:undefined disposed:false
157 silly fetch manifest @esbuild/linux-loong64@0.21.5
158 silly packumentCache full:https://registry.npmjs.org/@esbuild%2flinux-loong64 cache-miss
159 http fetch GET 200 https://registry.npmjs.org/@esbuild%2fopenbsd-x64 83ms (cache miss)
160 silly packumentCache full:https://registry.npmjs.org/@esbuild%2fopenbsd-x64 set size:undefined disposed:false
161 silly fetch manifest @esbuild/linux-riscv64@0.21.5
162 silly packumentCache full:https://registry.npmjs.org/@esbuild%2flinux-riscv64 cache-miss
163 http fetch GET 200 https://registry.npmjs.org/@esbuild%2fwin32-ia32 305ms (cache miss)
164 silly packumentCache full:https://registry.npmjs.org/@esbuild%2fwin32-ia32 set size:undefined disposed:false
165 silly fetch manifest @esbuild/linux-mips64el@0.21.5
166 silly packumentCache full:https://registry.npmjs.org/@esbuild%2flinux-mips64el cache-miss
167 http fetch GET 200 https://registry.npmjs.org/@esbuild%2fdarwin-arm64 194ms (cache miss)
168 silly packumentCache full:https://registry.npmjs.org/@esbuild%2fdarwin-arm64 set size:undefined disposed:false
169 silly fetch manifest nanoid@^3.3.12
170 silly packumentCache full:https://registry.npmjs.org/nanoid cache-miss
171 http fetch GET 200 https://registry.npmjs.org/@esbuild%2flinux-riscv64 177ms (cache miss)
172 silly packumentCache full:https://registry.npmjs.org/@esbuild%2flinux-riscv64 set size:undefined disposed:false
173 silly fetch manifest picocolors@^1.1.1
174 silly packumentCache full:https://registry.npmjs.org/picocolors cache-miss
175 http fetch GET 200 https://registry.npmjs.org/@esbuild%2ffreebsd-arm64 196ms (cache miss)
176 silly packumentCache full:https://registry.npmjs.org/@esbuild%2ffreebsd-arm64 set size:undefined disposed:false
177 silly fetch manifest source-map-js@^1.2.1
178 silly packumentCache full:https://registry.npmjs.org/source-map-js cache-miss
179 http fetch GET 200 https://registry.npmjs.org/@esbuild%2fandroid-arm64 214ms (cache miss)
180 silly packumentCache full:https://registry.npmjs.org/@esbuild%2fandroid-arm64 set size:undefined disposed:false
181 silly fetch manifest @types/estree@1.0.9
182 silly packumentCache full:https://registry.npmjs.org/@types%2festree cache-miss
183 http fetch GET 200 https://registry.npmjs.org/@esbuild%2flinux-loong64 209ms (cache miss)
184 silly packumentCache full:https://registry.npmjs.org/@esbuild%2flinux-loong64 set size:undefined disposed:false
185 silly fetch manifest @rollup/rollup-darwin-arm64@4.62.2
186 silly packumentCache full:https://registry.npmjs.org/@rollup%2frollup-darwin-arm64 cache-miss
187 http fetch GET 200 https://registry.npmjs.org/@esbuild%2flinux-ia32 405ms (cache miss)
188 silly packumentCache full:https://registry.npmjs.org/@esbuild%2flinux-ia32 set size:undefined disposed:false
189 silly fetch manifest @rollup/rollup-android-arm64@4.62.2
190 silly packumentCache full:https://registry.npmjs.org/@rollup%2frollup-android-arm64 cache-miss
191 http fetch GET 200 https://registry.npmjs.org/@esbuild%2fwin32-arm64 271ms (cache miss)
192 silly packumentCache full:https://registry.npmjs.org/@esbuild%2fwin32-arm64 set size:undefined disposed:false
193 silly fetch manifest @rollup/rollup-win32-arm64-msvc@4.62.2
194 silly packumentCache full:https://registry.npmjs.org/@rollup%2frollup-win32-arm64-msvc cache-miss
195 http fetch GET 200 https://registry.npmjs.org/@esbuild%2flinux-arm64 423ms (cache miss)
196 silly packumentCache full:https://registry.npmjs.org/@esbuild%2flinux-arm64 set size:undefined disposed:false
197 silly fetch manifest @rollup/rollup-freebsd-arm64@4.62.2
198 silly packumentCache full:https://registry.npmjs.org/@rollup%2frollup-freebsd-arm64 cache-miss
199 http fetch GET 200 https://registry.npmjs.org/@esbuild%2ffreebsd-x64 435ms (cache miss)
200 silly packumentCache full:https://registry.npmjs.org/@esbuild%2ffreebsd-x64 set size:undefined disposed:false
201 silly fetch manifest @rollup/rollup-linux-arm64-gnu@4.62.2
202 silly packumentCache full:https://registry.npmjs.org/@rollup%2frollup-linux-arm64-gnu cache-miss
203 http fetch GET 200 https://registry.npmjs.org/@esbuild%2fnetbsd-x64 440ms (cache miss)
204 silly packumentCache full:https://registry.npmjs.org/@esbuild%2fnetbsd-x64 set size:undefined disposed:false
205 silly fetch manifest @rollup/rollup-linux-arm64-musl@4.62.2
206 silly packumentCache full:https://registry.npmjs.org/@rollup%2frollup-linux-arm64-musl cache-miss
207 http fetch GET 200 https://registry.npmjs.org/@esbuild%2flinux-ppc64 448ms (cache miss)
208 silly packumentCache full:https://registry.npmjs.org/@esbuild%2flinux-ppc64 set size:undefined disposed:false
209 silly fetch manifest @rollup/rollup-android-arm-eabi@4.62.2
210 silly packumentCache full:https://registry.npmjs.org/@rollup%2frollup-android-arm-eabi cache-miss
211 http fetch GET 200 https://registry.npmjs.org/@esbuild%2flinux-s390x 450ms (cache miss)
212 silly packumentCache full:https://registry.npmjs.org/@esbuild%2flinux-s390x set size:undefined disposed:false
213 silly fetch manifest @rollup/rollup-linux-arm-gnueabihf@4.62.2
214 silly packumentCache full:https://registry.npmjs.org/@rollup%2frollup-linux-arm-gnueabihf cache-miss
215 http fetch GET 200 https://registry.npmjs.org/@esbuild%2fandroid-arm 467ms (cache miss)
216 silly packumentCache full:https://registry.npmjs.org/@esbuild%2fandroid-arm set size:undefined disposed:false
217 silly fetch manifest @rollup/rollup-linux-arm-musleabihf@4.62.2
218 silly packumentCache full:https://registry.npmjs.org/@rollup%2frollup-linux-arm-musleabihf cache-miss
219 http fetch GET 200 https://registry.npmjs.org/@esbuild%2fandroid-x64 479ms (cache miss)
220 silly packumentCache full:https://registry.npmjs.org/@esbuild%2fandroid-x64 set size:undefined disposed:false
221 silly fetch manifest @rollup/rollup-win32-ia32-msvc@4.62.2
222 silly packumentCache full:https://registry.npmjs.org/@rollup%2frollup-win32-ia32-msvc cache-miss
223 http fetch GET 200 https://registry.npmjs.org/@esbuild%2flinux-mips64el 276ms (cache miss)
224 silly packumentCache full:https://registry.npmjs.org/@esbuild%2flinux-mips64el set size:undefined disposed:false
225 silly fetch manifest @rollup/rollup-linux-loong64-gnu@4.62.2
226 silly packumentCache full:https://registry.npmjs.org/@rollup%2frollup-linux-loong64-gnu cache-miss
227 http fetch GET 200 https://registry.npmjs.org/picocolors 265ms (cache miss)
228 silly packumentCache full:https://registry.npmjs.org/picocolors set size:undefined disposed:false
229 silly fetch manifest @rollup/rollup-linux-loong64-musl@4.62.2
230 silly packumentCache full:https://registry.npmjs.org/@rollup%2frollup-linux-loong64-musl cache-miss
231 http fetch GET 200 https://registry.npmjs.org/source-map-js 272ms (cache miss)
232 silly packumentCache full:https://registry.npmjs.org/source-map-js set size:undefined disposed:false
233 silly fetch manifest @rollup/rollup-linux-riscv64-gnu@4.62.2
234 silly packumentCache full:https://registry.npmjs.org/@rollup%2frollup-linux-riscv64-gnu cache-miss
235 http fetch GET 200 https://registry.npmjs.org/@types%2festree 288ms (cache miss)
236 silly packumentCache full:https://registry.npmjs.org/@types%2festree set size:undefined disposed:false
237 silly fetch manifest @rollup/rollup-linux-riscv64-musl@4.62.2
238 silly packumentCache full:https://registry.npmjs.org/@rollup%2frollup-linux-riscv64-musl cache-miss
239 http fetch GET 200 https://registry.npmjs.org/nanoid 374ms (cache miss)
240 silly packumentCache full:https://registry.npmjs.org/nanoid set size:undefined disposed:false
241 silly fetch manifest @rollup/rollup-linux-ppc64-gnu@4.62.2
242 silly packumentCache full:https://registry.npmjs.org/@rollup%2frollup-linux-ppc64-gnu cache-miss
243 http fetch GET 200 https://registry.npmjs.org/@rollup%2frollup-freebsd-arm64 313ms (cache miss)
244 silly packumentCache full:https://registry.npmjs.org/@rollup%2frollup-freebsd-arm64 set size:undefined disposed:false
245 silly fetch manifest @rollup/rollup-linux-ppc64-musl@4.62.2
246 silly packumentCache full:https://registry.npmjs.org/@rollup%2frollup-linux-ppc64-musl cache-miss
247 http fetch GET 200 https://registry.npmjs.org/@rollup%2frollup-linux-arm64-musl 306ms (cache miss)
248 silly packumentCache full:https://registry.npmjs.org/@rollup%2frollup-linux-arm64-musl set size:undefined disposed:false
249 silly fetch manifest @rollup/rollup-linux-s390x-gnu@4.62.2
250 silly packumentCache full:https://registry.npmjs.org/@rollup%2frollup-linux-s390x-gnu cache-miss
251 http fetch GET 200 https://registry.npmjs.org/@rollup%2frollup-darwin-arm64 367ms (cache miss)
252 silly packumentCache full:https://registry.npmjs.org/@rollup%2frollup-darwin-arm64 set size:undefined disposed:false
253 silly fetch manifest @rollup/rollup-darwin-x64@4.62.2
254 silly packumentCache full:https://registry.npmjs.org/@rollup%2frollup-darwin-x64 cache-miss
255 http fetch GET 200 https://registry.npmjs.org/@rollup%2frollup-android-arm64 352ms (cache miss)
256 silly packumentCache full:https://registry.npmjs.org/@rollup%2frollup-android-arm64 set size:undefined disposed:false
257 silly fetch manifest @rollup/rollup-win32-x64-gnu@4.62.2
258 silly packumentCache full:https://registry.npmjs.org/@rollup%2frollup-win32-x64-gnu cache-miss
259 http fetch GET 200 https://registry.npmjs.org/@rollup%2frollup-linux-loong64-gnu 184ms (cache miss)
260 silly packumentCache full:https://registry.npmjs.org/@rollup%2frollup-linux-loong64-gnu set size:undefined disposed:false
261 silly fetch manifest @rollup/rollup-win32-x64-msvc@4.62.2
262 silly packumentCache full:https://registry.npmjs.org/@rollup%2frollup-win32-x64-msvc cache-miss
263 http fetch GET 200 https://registry.npmjs.org/@rollup%2frollup-linux-arm64-gnu 340ms (cache miss)
264 silly packumentCache full:https://registry.npmjs.org/@rollup%2frollup-linux-arm64-gnu set size:undefined disposed:false
265 silly fetch manifest @rollup/rollup-freebsd-x64@4.62.2
266 silly packumentCache full:https://registry.npmjs.org/@rollup%2frollup-freebsd-x64 cache-miss
267 http fetch GET 200 https://registry.npmjs.org/@rollup%2frollup-linux-arm-musleabihf 310ms (cache miss)
268 silly packumentCache full:https://registry.npmjs.org/@rollup%2frollup-linux-arm-musleabihf set size:undefined disposed:false
269 silly fetch manifest @rollup/rollup-linux-x64-gnu@4.62.2
270 silly packumentCache full:https://registry.npmjs.org/@rollup%2frollup-linux-x64-gnu cache-miss
271 http fetch GET 200 https://registry.npmjs.org/@rollup%2frollup-android-arm-eabi 343ms (cache miss)
272 silly packumentCache full:https://registry.npmjs.org/@rollup%2frollup-android-arm-eabi set size:undefined disposed:false
273 silly fetch manifest @rollup/rollup-linux-x64-musl@4.62.2
274 silly packumentCache full:https://registry.npmjs.org/@rollup%2frollup-linux-x64-musl cache-miss
275 http fetch GET 200 https://registry.npmjs.org/@rollup%2frollup-win32-arm64-msvc 382ms (cache miss)
276 silly packumentCache full:https://registry.npmjs.org/@rollup%2frollup-win32-arm64-msvc set size:undefined disposed:false
277 silly fetch manifest @rollup/rollup-openbsd-x64@4.62.2
278 silly packumentCache full:https://registry.npmjs.org/@rollup%2frollup-openbsd-x64 cache-miss
279 http fetch GET 200 https://registry.npmjs.org/@rollup%2frollup-linux-arm-gnueabihf 345ms (cache miss)
280 silly packumentCache full:https://registry.npmjs.org/@rollup%2frollup-linux-arm-gnueabihf set size:undefined disposed:false
281 silly fetch manifest @rollup/rollup-openharmony-arm64@4.62.2
282 silly packumentCache full:https://registry.npmjs.org/@rollup%2frollup-openharmony-arm64 cache-miss
283 http fetch GET 200 https://registry.npmjs.org/@rollup%2frollup-linux-loong64-musl 177ms (cache miss)
284 silly packumentCache full:https://registry.npmjs.org/@rollup%2frollup-linux-loong64-musl set size:undefined disposed:false
285 http fetch GET 200 https://registry.npmjs.org/@rollup%2frollup-win32-ia32-msvc 323ms (cache miss)
286 silly packumentCache full:https://registry.npmjs.org/@rollup%2frollup-win32-ia32-msvc set size:undefined disposed:false
287 http fetch GET 200 https://registry.npmjs.org/@rollup%2frollup-linux-riscv64-musl 149ms (cache miss)
288 silly packumentCache full:https://registry.npmjs.org/@rollup%2frollup-linux-riscv64-musl set size:undefined disposed:false
289 http fetch GET 200 https://registry.npmjs.org/@rollup%2frollup-linux-riscv64-gnu 186ms (cache miss)
290 silly packumentCache full:https://registry.npmjs.org/@rollup%2frollup-linux-riscv64-gnu set size:undefined disposed:false
291 http fetch GET 200 https://registry.npmjs.org/@rollup%2frollup-linux-ppc64-musl 97ms (cache miss)
292 silly packumentCache full:https://registry.npmjs.org/@rollup%2frollup-linux-ppc64-musl set size:undefined disposed:false
293 http fetch GET 200 https://registry.npmjs.org/@rollup%2frollup-linux-ppc64-gnu 109ms (cache miss)
294 silly packumentCache full:https://registry.npmjs.org/@rollup%2frollup-linux-ppc64-gnu set size:undefined disposed:false
295 http fetch GET 200 https://registry.npmjs.org/@rollup%2frollup-linux-s390x-gnu 159ms (cache miss)
296 silly packumentCache full:https://registry.npmjs.org/@rollup%2frollup-linux-s390x-gnu set size:undefined disposed:false
297 http fetch GET 200 https://registry.npmjs.org/@rollup%2frollup-darwin-x64 163ms (cache miss)
298 silly packumentCache full:https://registry.npmjs.org/@rollup%2frollup-darwin-x64 set size:undefined disposed:false
299 http fetch GET 200 https://registry.npmjs.org/@rollup%2frollup-win32-x64-gnu 167ms (cache miss)
300 silly packumentCache full:https://registry.npmjs.org/@rollup%2frollup-win32-x64-gnu set size:undefined disposed:false
301 http fetch GET 200 https://registry.npmjs.org/@rollup%2frollup-openbsd-x64 137ms (cache miss)
302 silly packumentCache full:https://registry.npmjs.org/@rollup%2frollup-openbsd-x64 set size:undefined disposed:false
303 http fetch GET 200 https://registry.npmjs.org/@rollup%2frollup-openharmony-arm64 133ms (cache miss)
304 silly packumentCache full:https://registry.npmjs.org/@rollup%2frollup-openharmony-arm64 set size:undefined disposed:false
305 http fetch GET 200 https://registry.npmjs.org/@rollup%2frollup-freebsd-x64 169ms (cache miss)
306 silly packumentCache full:https://registry.npmjs.org/@rollup%2frollup-freebsd-x64 set size:undefined disposed:false
307 http fetch GET 200 https://registry.npmjs.org/@rollup%2frollup-linux-x64-musl 162ms (cache miss)
308 silly packumentCache full:https://registry.npmjs.org/@rollup%2frollup-linux-x64-musl set size:undefined disposed:false
309 http fetch GET 200 https://registry.npmjs.org/@rollup%2frollup-linux-x64-gnu 175ms (cache miss)
310 silly packumentCache full:https://registry.npmjs.org/@rollup%2frollup-linux-x64-gnu set size:undefined disposed:false
311 http fetch GET 200 https://registry.npmjs.org/@rollup%2frollup-win32-x64-msvc 195ms (cache miss)
312 silly packumentCache full:https://registry.npmjs.org/@rollup%2frollup-win32-x64-msvc set size:undefined disposed:false
313 silly placeDep ROOT @esbuild/aix-ppc64@0.21.5 OK for: esbuild@0.21.5 want: 0.21.5
314 silly placeDep ROOT @esbuild/android-arm@0.21.5 OK for: esbuild@0.21.5 want: 0.21.5
315 silly placeDep ROOT @esbuild/android-arm64@0.21.5 OK for: esbuild@0.21.5 want: 0.21.5
316 silly placeDep ROOT @esbuild/android-x64@0.21.5 OK for: esbuild@0.21.5 want: 0.21.5
317 silly placeDep ROOT @esbuild/darwin-arm64@0.21.5 OK for: esbuild@0.21.5 want: 0.21.5
318 silly placeDep ROOT @esbuild/darwin-x64@0.21.5 OK for: esbuild@0.21.5 want: 0.21.5
319 silly placeDep ROOT @esbuild/freebsd-arm64@0.21.5 OK for: esbuild@0.21.5 want: 0.21.5
320 silly placeDep ROOT @esbuild/freebsd-x64@0.21.5 OK for: esbuild@0.21.5 want: 0.21.5
321 silly placeDep ROOT @esbuild/linux-arm@0.21.5 OK for: esbuild@0.21.5 want: 0.21.5
322 silly placeDep ROOT @esbuild/linux-arm64@0.21.5 OK for: esbuild@0.21.5 want: 0.21.5
323 silly placeDep ROOT @esbuild/linux-ia32@0.21.5 OK for: esbuild@0.21.5 want: 0.21.5
324 silly placeDep ROOT @esbuild/linux-loong64@0.21.5 OK for: esbuild@0.21.5 want: 0.21.5
325 silly placeDep ROOT @esbuild/linux-mips64el@0.21.5 OK for: esbuild@0.21.5 want: 0.21.5
326 silly placeDep ROOT @esbuild/linux-ppc64@0.21.5 OK for: esbuild@0.21.5 want: 0.21.5
327 silly placeDep ROOT @esbuild/linux-riscv64@0.21.5 OK for: esbuild@0.21.5 want: 0.21.5
328 silly placeDep ROOT @esbuild/linux-s390x@0.21.5 OK for: esbuild@0.21.5 want: 0.21.5
329 silly placeDep ROOT @esbuild/linux-x64@0.21.5 OK for: esbuild@0.21.5 want: 0.21.5
330 silly placeDep ROOT @esbuild/netbsd-x64@0.21.5 OK for: esbuild@0.21.5 want: 0.21.5
331 silly placeDep ROOT @esbuild/openbsd-x64@0.21.5 OK for: esbuild@0.21.5 want: 0.21.5
332 silly placeDep ROOT @esbuild/sunos-x64@0.21.5 OK for: esbuild@0.21.5 want: 0.21.5
333 silly placeDep ROOT @esbuild/win32-arm64@0.21.5 OK for: esbuild@0.21.5 want: 0.21.5
334 silly placeDep ROOT @esbuild/win32-ia32@0.21.5 OK for: esbuild@0.21.5 want: 0.21.5
335 silly placeDep ROOT @esbuild/win32-x64@0.21.5 OK for: esbuild@0.21.5 want: 0.21.5
336 silly placeDep ROOT nanoid@3.3.15 OK for: postcss@8.5.16 want: ^3.3.12
337 silly placeDep ROOT picocolors@1.1.1 OK for: postcss@8.5.16 want: ^1.1.1
338 silly placeDep ROOT source-map-js@1.2.1 OK for: postcss@8.5.16 want: ^1.2.1
339 silly placeDep ROOT @rollup/rollup-android-arm-eabi@4.62.2 OK for: rollup@4.62.2 want: 4.62.2
340 silly placeDep ROOT @rollup/rollup-android-arm64@4.62.2 OK for: rollup@4.62.2 want: 4.62.2
341 silly placeDep ROOT @rollup/rollup-darwin-arm64@4.62.2 OK for: rollup@4.62.2 want: 4.62.2
342 silly placeDep ROOT @rollup/rollup-darwin-x64@4.62.2 OK for: rollup@4.62.2 want: 4.62.2
343 silly placeDep ROOT @rollup/rollup-freebsd-arm64@4.62.2 OK for: rollup@4.62.2 want: 4.62.2
344 silly placeDep ROOT @rollup/rollup-freebsd-x64@4.62.2 OK for: rollup@4.62.2 want: 4.62.2
345 silly placeDep ROOT @rollup/rollup-linux-arm-gnueabihf@4.62.2 OK for: rollup@4.62.2 want: 4.62.2
346 silly placeDep ROOT @rollup/rollup-linux-arm-musleabihf@4.62.2 OK for: rollup@4.62.2 want: 4.62.2
347 silly placeDep ROOT @rollup/rollup-linux-arm64-gnu@4.62.2 OK for: rollup@4.62.2 want: 4.62.2
348 silly placeDep ROOT @rollup/rollup-linux-arm64-musl@4.62.2 OK for: rollup@4.62.2 want: 4.62.2
349 silly placeDep ROOT @rollup/rollup-linux-loong64-gnu@4.62.2 OK for: rollup@4.62.2 want: 4.62.2
350 silly placeDep ROOT @rollup/rollup-linux-loong64-musl@4.62.2 OK for: rollup@4.62.2 want: 4.62.2
351 silly placeDep ROOT @rollup/rollup-linux-ppc64-gnu@4.62.2 OK for: rollup@4.62.2 want: 4.62.2
352 silly placeDep ROOT @rollup/rollup-linux-ppc64-musl@4.62.2 OK for: rollup@4.62.2 want: 4.62.2
353 silly placeDep ROOT @rollup/rollup-linux-riscv64-gnu@4.62.2 OK for: rollup@4.62.2 want: 4.62.2
354 silly placeDep ROOT @rollup/rollup-linux-riscv64-musl@4.62.2 OK for: rollup@4.62.2 want: 4.62.2
355 silly placeDep ROOT @rollup/rollup-linux-s390x-gnu@4.62.2 OK for: rollup@4.62.2 want: 4.62.2
356 silly placeDep ROOT @rollup/rollup-linux-x64-gnu@4.62.2 OK for: rollup@4.62.2 want: 4.62.2
357 silly placeDep ROOT @rollup/rollup-linux-x64-musl@4.62.2 OK for: rollup@4.62.2 want: 4.62.2
358 silly placeDep ROOT @rollup/rollup-openbsd-x64@4.62.2 OK for: rollup@4.62.2 want: 4.62.2
359 silly placeDep ROOT @rollup/rollup-openharmony-arm64@4.62.2 OK for: rollup@4.62.2 want: 4.62.2
360 silly placeDep ROOT @rollup/rollup-win32-arm64-msvc@4.62.2 OK for: rollup@4.62.2 want: 4.62.2
361 silly placeDep ROOT @rollup/rollup-win32-ia32-msvc@4.62.2 OK for: rollup@4.62.2 want: 4.62.2
362 silly placeDep ROOT @rollup/rollup-win32-x64-gnu@4.62.2 OK for: rollup@4.62.2 want: 4.62.2
363 silly placeDep ROOT @rollup/rollup-win32-x64-msvc@4.62.2 OK for: rollup@4.62.2 want: 4.62.2
364 silly placeDep ROOT @types/estree@1.0.9 OK for: rollup@4.62.2 want: 1.0.9
365 silly reify moves {}
366 silly audit bulk request {
366 silly audit   react: [ '18.3.1' ],
366 silly audit   'react-dom': [ '18.3.1' ],
366 silly audit   vite: [ '5.4.21' ],
366 silly audit   'loose-envify': [ '1.4.0' ],
366 silly audit   'js-tokens': [ '4.0.0' ],
366 silly audit   scheduler: [ '0.23.2' ],
366 silly audit   esbuild: [ '0.21.5' ],
366 silly audit   fsevents: [ '2.3.3' ],
366 silly audit   postcss: [ '8.5.16' ],
366 silly audit   rollup: [ '4.62.2' ],
366 silly audit   '@esbuild/aix-ppc64': [ '0.21.5' ],
366 silly audit   '@esbuild/android-arm': [ '0.21.5' ],
366 silly audit   '@esbuild/android-arm64': [ '0.21.5' ],
366 silly audit   '@esbuild/android-x64': [ '0.21.5' ],
366 silly audit   '@esbuild/darwin-arm64': [ '0.21.5' ],
366 silly audit   '@esbuild/darwin-x64': [ '0.21.5' ],
366 silly audit   '@esbuild/freebsd-arm64': [ '0.21.5' ],
366 silly audit   '@esbuild/freebsd-x64': [ '0.21.5' ],
366 silly audit   '@esbuild/linux-arm': [ '0.21.5' ],
366 silly audit   '@esbuild/linux-arm64': [ '0.21.5' ],
366 silly audit   '@esbuild/linux-ia32': [ '0.21.5' ],
366 silly audit   '@esbuild/linux-loong64': [ '0.21.5' ],
366 silly audit   '@esbuild/linux-mips64el': [ '0.21.5' ],
366 silly audit   '@esbuild/linux-ppc64': [ '0.21.5' ],
366 silly audit   '@esbuild/linux-riscv64': [ '0.21.5' ],
366 silly audit   '@esbuild/linux-s390x': [ '0.21.5' ],
366 silly audit   '@esbuild/linux-x64': [ '0.21.5' ],
366 silly audit   '@esbuild/netbsd-x64': [ '0.21.5' ],
366 silly audit   '@esbuild/openbsd-x64': [ '0.21.5' ],
366 silly audit   '@esbuild/sunos-x64': [ '0.21.5' ],
366 silly audit   '@esbuild/win32-arm64': [ '0.21.5' ],
366 silly audit   '@esbuild/win32-ia32': [ '0.21.5' ],
366 silly audit   '@esbuild/win32-x64': [ '0.21.5' ],
366 silly audit   nanoid: [ '3.3.15' ],
366 silly audit   picocolors: [ '1.1.1' ],
366 silly audit   'source-map-js': [ '1.2.1' ],
366 silly audit   '@rollup/rollup-android-arm-eabi': [ '4.62.2' ],
366 silly audit   '@rollup/rollup-android-arm64': [ '4.62.2' ],
366 silly audit   '@rollup/rollup-darwin-arm64': [ '4.62.2' ],
366 silly audit   '@rollup/rollup-darwin-x64': [ '4.62.2' ],
366 silly audit   '@rollup/rollup-freebsd-arm64': [ '4.62.2' ],
366 silly audit   '@rollup/rollup-freebsd-x64': [ '4.62.2' ],
366 silly audit   '@rollup/rollup-linux-arm-gnueabihf': [ '4.62.2' ],
366 silly audit   '@rollup/rollup-linux-arm-musleabihf': [ '4.62.2' ],
366 silly audit   '@rollup/rollup-linux-arm64-gnu': [ '4.62.2' ],
366 silly audit   '@rollup/rollup-linux-arm64-musl': [ '4.62.2' ],
366 silly audit   '@rollup/rollup-linux-loong64-gnu': [ '4.62.2' ],
366 silly audit   '@rollup/rollup-linux-loong64-musl': [ '4.62.2' ],
366 silly audit   '@rollup/rollup-linux-ppc64-gnu': [ '4.62.2' ],
366 silly audit   '@rollup/rollup-linux-ppc64-musl': [ '4.62.2' ],
366 silly audit   '@rollup/rollup-linux-riscv64-gnu': [ '4.62.2' ],
366 silly audit   '@rollup/rollup-linux-riscv64-musl': [ '4.62.2' ],
366 silly audit   '@rollup/rollup-linux-s390x-gnu': [ '4.62.2' ],
366 silly audit   '@rollup/rollup-linux-x64-gnu': [ '4.62.2' ],
366 silly audit   '@rollup/rollup-linux-x64-musl': [ '4.62.2' ],
366 silly audit   '@rollup/rollup-openbsd-x64': [ '4.62.2' ],
366 silly audit   '@rollup/rollup-openharmony-arm64': [ '4.62.2' ],
366 silly audit   '@rollup/rollup-win32-arm64-msvc': [ '4.62.2' ],
366 silly audit   '@rollup/rollup-win32-ia32-msvc': [ '4.62.2' ],
366 silly audit   '@rollup/rollup-win32-x64-gnu': [ '4.62.2' ],
366 silly audit   '@rollup/rollup-win32-x64-msvc': [ '4.62.2' ],
366 silly audit   '@types/estree': [ '1.0.9' ]
366 silly audit }
367 http cache @types/estree@https://registry.npmjs.org/@types/estree/-/estree-1.0.9.tgz 0ms (cache hit)
368 http cache @rollup/rollup-win32-x64-msvc@https://registry.npmjs.org/@rollup/rollup-win32-x64-msvc/-/rollup-win32-x64-msvc-4.62.2.tgz 0ms (cache hit)
369 http cache @rollup/rollup-win32-x64-gnu@https://registry.npmjs.org/@rollup/rollup-win32-x64-gnu/-/rollup-win32-x64-gnu-4.62.2.tgz 0ms (cache hit)
370 http cache @esbuild/win32-x64@https://registry.npmjs.org/@esbuild/win32-x64/-/win32-x64-0.21.5.tgz 0ms (cache hit)
371 http cache source-map-js@https://registry.npmjs.org/source-map-js/-/source-map-js-1.2.1.tgz 0ms (cache hit)
372 http cache picocolors@https://registry.npmjs.org/picocolors/-/picocolors-1.1.1.tgz 0ms (cache hit)
373 http cache nanoid@https://registry.npmjs.org/nanoid/-/nanoid-3.3.15.tgz 0ms (cache hit)
374 http cache rollup@https://registry.npmjs.org/rollup/-/rollup-4.62.2.tgz 0ms (cache hit)
375 http cache postcss@https://registry.npmjs.org/postcss/-/postcss-8.5.16.tgz 0ms (cache hit)
376 http cache esbuild@https://registry.npmjs.org/esbuild/-/esbuild-0.21.5.tgz 0ms (cache hit)
377 http cache scheduler@https://registry.npmjs.org/scheduler/-/scheduler-0.23.2.tgz 0ms (cache hit)
378 http cache loose-envify@https://registry.npmjs.org/loose-envify/-/loose-envify-1.4.0.tgz 0ms (cache hit)
379 http cache vite@https://registry.npmjs.org/vite/-/vite-5.4.21.tgz 0ms (cache hit)
380 silly tarball no local data for @types/estree@https://registry.npmjs.org/@types/estree/-/estree-1.0.9.tgz. Extracting by manifest.
381 silly tarball no local data for @rollup/rollup-win32-x64-msvc@https://registry.npmjs.org/@rollup/rollup-win32-x64-msvc/-/rollup-win32-x64-msvc-4.62.2.tgz. Extracting by manifest.
382 silly tarball no local data for @rollup/rollup-win32-x64-gnu@https://registry.npmjs.org/@rollup/rollup-win32-x64-gnu/-/rollup-win32-x64-gnu-4.62.2.tgz. Extracting by manifest.
383 silly tarball no local data for @esbuild/win32-x64@https://registry.npmjs.org/@esbuild/win32-x64/-/win32-x64-0.21.5.tgz. Extracting by manifest.
384 silly tarball no local data for source-map-js@https://registry.npmjs.org/source-map-js/-/source-map-js-1.2.1.tgz. Extracting by manifest.
385 silly tarball no local data for picocolors@https://registry.npmjs.org/picocolors/-/picocolors-1.1.1.tgz. Extracting by manifest.
386 silly tarball no local data for nanoid@https://registry.npmjs.org/nanoid/-/nanoid-3.3.15.tgz. Extracting by manifest.
387 silly tarball no local data for rollup@https://registry.npmjs.org/rollup/-/rollup-4.62.2.tgz. Extracting by manifest.
388 http cache react@https://registry.npmjs.org/react/-/react-18.3.1.tgz 0ms (cache hit)
389 http cache js-tokens@https://registry.npmjs.org/js-tokens/-/js-tokens-4.0.0.tgz 0ms (cache hit)
390 http cache react-dom@https://registry.npmjs.org/react-dom/-/react-dom-18.3.1.tgz 0ms (cache hit)
391 silly tarball no local data for postcss@https://registry.npmjs.org/postcss/-/postcss-8.5.16.tgz. Extracting by manifest.
392 silly tarball no local data for esbuild@https://registry.npmjs.org/esbuild/-/esbuild-0.21.5.tgz. Extracting by manifest.
393 silly tarball no local data for scheduler@https://registry.npmjs.org/scheduler/-/scheduler-0.23.2.tgz. Extracting by manifest.
394 silly tarball no local data for loose-envify@https://registry.npmjs.org/loose-envify/-/loose-envify-1.4.0.tgz. Extracting by manifest.
395 silly tarball no local data for vite@https://registry.npmjs.org/vite/-/vite-5.4.21.tgz. Extracting by manifest.
396 silly tarball no local data for react@https://registry.npmjs.org/react/-/react-18.3.1.tgz. Extracting by manifest.
397 silly tarball no local data for js-tokens@https://registry.npmjs.org/js-tokens/-/js-tokens-4.0.0.tgz. Extracting by manifest.
398 silly tarball no local data for react-dom@https://registry.npmjs.org/react-dom/-/react-dom-18.3.1.tgz. Extracting by manifest.
399 http fetch GET 200 https://registry.npmjs.org/picocolors/-/picocolors-1.1.1.tgz 168ms (cache miss)
400 http fetch GET 200 https://registry.npmjs.org/@types/estree/-/estree-1.0.9.tgz 184ms (cache miss)
401 http fetch GET 200 https://registry.npmjs.org/loose-envify/-/loose-envify-1.4.0.tgz 179ms (cache miss)
402 http fetch POST 200 https://registry.npmjs.org/-/npm/v1/security/advisories/bulk 276ms
403 silly audit report {
403 silly audit report   vite: [
403 silly audit report     {
403 silly audit report       id: 1120784,
403 silly audit report       url: 'https://github.com/advisories/GHSA-v6wh-96g9-6wx3',
403 silly audit report       title: 'launch-editor: NTLMv2 hash disclosure via UNC path handling on Windows',
403 silly audit report       severity: 'moderate',
403 silly audit report       vulnerable_versions: '<=6.4.2',
403 silly audit report       cwe: [Array],
403 silly audit report       cvss: [Object]
403 silly audit report     },
403 silly audit report     {
403 silly audit report       id: 1120789,
403 silly audit report       url: 'https://github.com/advisories/GHSA-fx2h-pf6j-xcff',
403 silly audit report       title: 'vite: `server.fs.deny` bypass on Windows alternate paths',
403 silly audit report       severity: 'high',
403 silly audit report       vulnerable_versions: '<=6.4.2',
403 silly audit report       cwe: [Array],
403 silly audit report       cvss: [Object]
403 silly audit report     },
403 silly audit report     {
403 silly audit report       id: 1116229,
403 silly audit report       url: 'https://github.com/advisories/GHSA-4w7w-66w2-5vf9',
403 silly audit report       title: 'Vite Vulnerable to Path Traversal in Optimized Deps `.map` Handling',
403 silly audit report       severity: 'moderate',
403 silly audit report       vulnerable_versions: '<=6.4.1',
403 silly audit report       cwe: [Array],
403 silly audit report       cvss: [Object]
403 silly audit report     }
403 silly audit report   ],
403 silly audit report   esbuild: [
403 silly audit report     {
403 silly audit report       id: 1102341,
403 silly audit report       url: 'https://github.com/advisories/GHSA-67mh-4wv8-2f99',
403 silly audit report       title: 'esbuild enables any website to send any requests to the development server and read the response',
403 silly audit report       severity: 'moderate',
403 silly audit report       vulnerable_versions: '<=0.24.2',
403 silly audit report       cwe: [Array],
403 silly audit report       cvss: [Object]
403 silly audit report     }
403 silly audit report   ]
403 silly audit report }
404 silly packumentCache corgi:https://registry.npmjs.org/vite cache-miss
405 silly packumentCache corgi:https://registry.npmjs.org/esbuild cache-miss
406 http fetch GET 200 https://registry.npmjs.org/esbuild/-/esbuild-0.21.5.tgz 249ms (cache miss)
407 http fetch GET 200 https://registry.npmjs.org/scheduler/-/scheduler-0.23.2.tgz 372ms (cache miss)
408 http fetch GET 200 https://registry.npmjs.org/source-map-js/-/source-map-js-1.2.1.tgz 432ms (cache miss)
409 http fetch GET 200 https://registry.npmjs.org/nanoid/-/nanoid-3.3.15.tgz 459ms (cache miss)
410 http fetch GET 200 https://registry.npmjs.org/react/-/react-18.3.1.tgz 464ms (cache miss)
411 http fetch GET 200 https://registry.npmjs.org/js-tokens/-/js-tokens-4.0.0.tgz 625ms (cache miss)
412 http fetch GET 200 https://registry.npmjs.org/@rollup/rollup-win32-x64-msvc/-/rollup-win32-x64-msvc-4.62.2.tgz 685ms (cache miss)
413 http fetch GET 200 https://registry.npmjs.org/@rollup/rollup-win32-x64-gnu/-/rollup-win32-x64-gnu-4.62.2.tgz 694ms (cache miss)
414 http fetch GET 200 https://registry.npmjs.org/esbuild 446ms (cache miss)
415 silly packumentCache corgi:https://registry.npmjs.org/esbuild set size:undefined disposed:false
416 http fetch GET 200 https://registry.npmjs.org/postcss/-/postcss-8.5.16.tgz 742ms (cache miss)
417 http fetch GET 200 https://registry.npmjs.org/vite 514ms (cache miss)
418 silly packumentCache corgi:https://registry.npmjs.org/vite set size:undefined disposed:false
419 http fetch GET 200 https://registry.npmjs.org/rollup/-/rollup-4.62.2.tgz 968ms (cache miss)
420 http fetch GET 200 https://registry.npmjs.org/vite/-/vite-5.4.21.tgz 1064ms (cache miss)
421 http fetch GET 200 https://registry.npmjs.org/react-dom/-/react-dom-18.3.1.tgz 1056ms (cache miss)
422 http fetch GET 200 https://registry.npmjs.org/@esbuild/win32-x64/-/win32-x64-0.21.5.tgz 1109ms (cache miss)
423 info run esbuild@0.21.5 postinstall node_modules/esbuild node install.js
424 info run esbuild@0.21.5 postinstall { code: 0, signal: null }
425 silly ADD node_modules/@types/estree
426 silly ADD node_modules/@rollup/rollup-win32-x64-msvc
427 silly ADD node_modules/@rollup/rollup-win32-x64-gnu
428 silly ADD node_modules/source-map-js
429 silly ADD node_modules/picocolors
430 silly ADD node_modules/nanoid
431 silly ADD node_modules/@esbuild/win32-x64
432 silly ADD node_modules/rollup
433 silly ADD node_modules/postcss
434 silly ADD node_modules/esbuild
435 silly ADD node_modules/scheduler
436 silly ADD node_modules/js-tokens
437 silly ADD node_modules/loose-envify
438 silly ADD node_modules/vite
439 silly ADD node_modules/react-dom
440 silly ADD node_modules/react
441 verbose cwd C:\Users\TechproSdx\Documents\Car Parking\UI-UX ParknGo\parkngo-handbook-site
442 verbose os Windows_NT 10.0.26200
443 verbose node v24.14.0
444 verbose npm  v11.9.0
445 notice
445 notice New minor version of npm available! 11.9.0 -> 11.18.0
445 notice Changelog: https://github.com/npm/cli/releases/tag/v11.18.0
445 notice To update run: npm install -g npm@11.18.0
445 notice  { force: true, Symbol(proc-log.meta): true }
446 verbose exit 0
447 info ok
